ISim log file
Running: /home/stefan/Rechnerarchitektur2015/multiplexer/multiplexer_tb_isim_beh.exe -intstyle ise -gui -tclbatch isim.cmd -wdb /home/stefan/Rechnerarchitektur2015/multiplexer/multiplexer_tb_isim_beh.wdb 
ISim P.20131013 (signature 0xfbc00daa)
----------------------------------------------------------------------
INFO:Security:51 - The XILINXD_LICENSE_FILE environment variable is not set.
INFO:Security:53 - The LM_LICENSE_FILE environment variable is not set.
INFO:Security:68a - user is stefan, on host unknown.
WARNING:Security:43 - No license file was found in the standard Xilinx license directory.
WARNING:Security:44 - Since no license file was found,
       please run the Xilinx License Configuration Manager
       (xlcm or "Manage Xilinx Licenses")
       to assist in obtaining a license.
ERROR:Security:14 - No feature was available for 'ISIM'.

No such feature exists.
Feature:       ISIM
License path:  /home/stefan/.Xilinx/*.lic:/opt/Xilinx/14.7/ISE_DS/ISE//data/*.lic:/opt/Xilinx/14.7/ISE_DS/ISE//coregen/core_licenses/Xilinx.lic:/opt/Xilinx/14.7/ISE_DS/ISE//coregen/core_licenses/XilinxFree.lic:
FLEXnet Licensing error:-5,357
For further information, refer to the FLEXnet Licensing documentation,
available at "www.flexerasoftware.com".
----------------------------------------------------------------------
WARNING: A full ISim License cannot be checked out due to the issues listed above. Please use Xilinx License Configuration Manager to fix these issues in order to check out a full ISim license.
WARNING: ISim will run in Lite mode. Please refer to the ISim documentation for more information on the differences between the Lite and the Full version.
This is a Lite version of ISim.
Time resolution is 1 ps
# onerror resume
# wave add /
# run 1000 ns
Simulator is doing circuit initialization process.
Finished circuit initialization process.
at 100 ns: Note: Beginn der Testbench (/multiplexer_tb/).
at 100 ns: Note: Testschritt: 0 (/multiplexer_tb/).
at 102 ns: Note: Testschritt: 1 (/multiplexer_tb/).
at 104 ns: Note: Testschritt: 2 (/multiplexer_tb/).
at 106 ns: Note: Testschritt: 3 (/multiplexer_tb/).
at 108 ns: Note: Testschritt: 4 (/multiplexer_tb/).
at 110 ns: Note: Testschritt: 5 (/multiplexer_tb/).
at 112 ns: Note: Testschritt: 6 (/multiplexer_tb/).
at 114 ns: Note: Testschritt: 7 (/multiplexer_tb/).

** Failure:Ende der Testbench
User(VHDL) Code Called Simulation Stop
In process multiplexer_tb.vhd:stim_proc 
 
INFO: Simulator is stopped.
# exit 0
