Command line:
   four_b_multi_tb_isim_beh.exe
     -simmode  gui
     -simrunnum  0
     -socket  48687

Wed Nov  4 22:31:33 2015


 Elaboration Time: 0.03 sec

 Current Memory Usage: 196.211 Meg

 Total Signals          : 260
 Total Nets             : 103
 Total Signal Drivers   : 75
 Total Blocks           : 33
 Total Primitive Blocks : 28
 Total Processes        : 65
 Total Traceable Variables  : 16
 Total Scalar Nets and Variables : 605
Total Line Count : 89
Total Line Count : 89

** Failure:End of testbench
User(VHDL) Code Called Simulation Stop
In process four_b_multi_tb.vhd:stim_proc 
 


 Total Simulation Time: 0.1 sec

 Current Memory Usage: 271.712 Meg

Wed Nov  4 22:31:58 2015

