ISim log file
Running: /home/stefan/Rechnerarchitektur2015/vierBitMulti/four_b_multi_tb_isim_beh.exe -intstyle ise -gui -tclbatch isim.cmd -wdb /home/stefan/Rechnerarchitektur2015/vierBitMulti/four_b_multi_tb_isim_beh.wdb 
ISim P.20131013 (signature 0xfbc00daa)
----------------------------------------------------------------------
INFO:Security:51 - The XILINXD_LICENSE_FILE environment variable is not set.
INFO:Security:53 - The LM_LICENSE_FILE environment variable is not set.
INFO:Security:68a - user is stefan, on host unknown.
WARNING:Security:43 - No license file was found in the standard Xilinx license directory.
WARNING:Security:44 - Since no license file was found,
       please run the Xilinx License Configuration Manager
       (xlcm or "Manage Xilinx Licenses")
       to assist in obtaining a license.
ERROR:Security:14 - No feature was available for 'ISIM'.

No such feature exists.
Feature:       ISIM
License path:  /home/stefan/.Xilinx/*.lic:/opt/Xilinx/14.7/ISE_DS/ISE//data/*.lic:/opt/Xilinx/14.7/ISE_DS/ISE//coregen/core_licenses/Xilinx.lic:/opt/Xilinx/14.7/ISE_DS/ISE//coregen/core_licenses/XilinxFree.lic:
FLEXnet Licensing error:-5,357
For further information, refer to the FLEXnet Licensing documentation,
available at "www.flexerasoftware.com".
----------------------------------------------------------------------
WARNING: A full ISim License cannot be checked out due to the issues listed above. Please use Xilinx License Configuration Manager to fix these issues in order to check out a full ISim license.
WARNING: ISim will run in Lite mode. Please refer to the ISim documentation for more information on the differences between the Lite and the Full version.
This is a Lite version of ISim.
Time resolution is 1 ps
# onerror resume
# wave add /
# run 1000 ns
Simulator is doing circuit initialization process.
at 0 ps: Note: Start testbench! (/four_b_multi_tb/).
Finished circuit initialization process.
at 100 ns: Note: Testing: 0 * 0 = 0 (/four_b_multi_tb/).
at 110 ns: Note: Testing: 0 * 1 = 0 (/four_b_multi_tb/).
at 120 ns: Note: Testing: 0 * 2 = 0 (/four_b_multi_tb/).
at 130 ns: Note: Testing: 0 * 3 = 0 (/four_b_multi_tb/).
at 140 ns: Note: Testing: 0 * 4 = 0 (/four_b_multi_tb/).
at 150 ns: Note: Testing: 0 * 5 = 0 (/four_b_multi_tb/).
at 160 ns: Note: Testing: 0 * 6 = 0 (/four_b_multi_tb/).
at 170 ns: Note: Testing: 0 * 7 = 0 (/four_b_multi_tb/).
at 180 ns: Note: Testing: 0 * 8 = 0 (/four_b_multi_tb/).
at 190 ns: Note: Testing: 0 * 9 = 0 (/four_b_multi_tb/).
at 200 ns: Note: Testing: 0 * 10 = 0 (/four_b_multi_tb/).
at 210 ns: Note: Testing: 0 * 11 = 0 (/four_b_multi_tb/).
at 220 ns: Note: Testing: 0 * 12 = 0 (/four_b_multi_tb/).
at 230 ns: Note: Testing: 0 * 13 = 0 (/four_b_multi_tb/).
at 240 ns: Note: Testing: 0 * 14 = 0 (/four_b_multi_tb/).
at 250 ns: Note: Testing: 0 * 15 = 0 (/four_b_multi_tb/).
at 260 ns: Note: Testing: 1 * 0 = 0 (/four_b_multi_tb/).
at 270 ns: Note: Testing: 1 * 1 = 1 (/four_b_multi_tb/).
at 280 ns: Note: Testing: 1 * 2 = 2 (/four_b_multi_tb/).
at 290 ns: Note: Testing: 1 * 3 = 3 (/four_b_multi_tb/).
at 300 ns: Note: Testing: 1 * 4 = 4 (/four_b_multi_tb/).
at 310 ns: Note: Testing: 1 * 5 = 5 (/four_b_multi_tb/).
at 320 ns: Note: Testing: 1 * 6 = 6 (/four_b_multi_tb/).
at 330 ns: Note: Testing: 1 * 7 = 7 (/four_b_multi_tb/).
at 340 ns: Note: Testing: 1 * 8 = 8 (/four_b_multi_tb/).
at 350 ns: Note: Testing: 1 * 9 = 9 (/four_b_multi_tb/).
at 360 ns: Note: Testing: 1 * 10 = 10 (/four_b_multi_tb/).
at 370 ns: Note: Testing: 1 * 11 = 11 (/four_b_multi_tb/).
at 380 ns: Note: Testing: 1 * 12 = 12 (/four_b_multi_tb/).
at 390 ns: Note: Testing: 1 * 13 = 13 (/four_b_multi_tb/).
at 400 ns: Note: Testing: 1 * 14 = 14 (/four_b_multi_tb/).
at 410 ns: Note: Testing: 1 * 15 = 15 (/four_b_multi_tb/).
at 420 ns: Note: Testing: 2 * 0 = 0 (/four_b_multi_tb/).
at 430 ns: Note: Testing: 2 * 1 = 2 (/four_b_multi_tb/).
at 440 ns: Note: Testing: 2 * 2 = 4 (/four_b_multi_tb/).
at 450 ns: Note: Testing: 2 * 3 = 6 (/four_b_multi_tb/).
at 460 ns: Note: Testing: 2 * 4 = 8 (/four_b_multi_tb/).
at 470 ns: Note: Testing: 2 * 5 = 10 (/four_b_multi_tb/).
at 480 ns: Note: Testing: 2 * 6 = 12 (/four_b_multi_tb/).
at 490 ns: Note: Testing: 2 * 7 = 14 (/four_b_multi_tb/).
at 500 ns: Note: Testing: 2 * 8 = 16 (/four_b_multi_tb/).
at 510 ns: Note: Testing: 2 * 9 = 18 (/four_b_multi_tb/).
at 520 ns: Note: Testing: 2 * 10 = 20 (/four_b_multi_tb/).
at 530 ns: Note: Testing: 2 * 11 = 22 (/four_b_multi_tb/).
at 540 ns: Note: Testing: 2 * 12 = 24 (/four_b_multi_tb/).
at 550 ns: Note: Testing: 2 * 13 = 26 (/four_b_multi_tb/).
at 560 ns: Note: Testing: 2 * 14 = 28 (/four_b_multi_tb/).
at 570 ns: Note: Testing: 2 * 15 = 30 (/four_b_multi_tb/).
at 580 ns: Note: Testing: 3 * 0 = 0 (/four_b_multi_tb/).
at 590 ns: Note: Testing: 3 * 1 = 3 (/four_b_multi_tb/).
at 600 ns: Note: Testing: 3 * 2 = 6 (/four_b_multi_tb/).
at 610 ns: Note: Testing: 3 * 3 = 9 (/four_b_multi_tb/).
at 620 ns: Note: Testing: 3 * 4 = 12 (/four_b_multi_tb/).
at 630 ns: Note: Testing: 3 * 5 = 15 (/four_b_multi_tb/).
at 640 ns: Note: Testing: 3 * 6 = 18 (/four_b_multi_tb/).
at 650 ns: Note: Testing: 3 * 7 = 21 (/four_b_multi_tb/).
at 660 ns: Note: Testing: 3 * 8 = 24 (/four_b_multi_tb/).
at 670 ns: Note: Testing: 3 * 9 = 27 (/four_b_multi_tb/).
at 680 ns: Note: Testing: 3 * 10 = 30 (/four_b_multi_tb/).
at 690 ns: Note: Testing: 3 * 11 = 33 (/four_b_multi_tb/).
at 700 ns: Note: Testing: 3 * 12 = 36 (/four_b_multi_tb/).
at 710 ns: Note: Testing: 3 * 13 = 39 (/four_b_multi_tb/).
at 720 ns: Note: Testing: 3 * 14 = 42 (/four_b_multi_tb/).
at 730 ns: Note: Testing: 3 * 15 = 45 (/four_b_multi_tb/).
at 740 ns: Note: Testing: 4 * 0 = 0 (/four_b_multi_tb/).
at 750 ns: Note: Testing: 4 * 1 = 4 (/four_b_multi_tb/).
at 760 ns: Note: Testing: 4 * 2 = 8 (/four_b_multi_tb/).
at 770 ns: Note: Testing: 4 * 3 = 12 (/four_b_multi_tb/).
at 780 ns: Note: Testing: 4 * 4 = 16 (/four_b_multi_tb/).
at 790 ns: Note: Testing: 4 * 5 = 20 (/four_b_multi_tb/).
at 800 ns: Note: Testing: 4 * 6 = 24 (/four_b_multi_tb/).
at 810 ns: Note: Testing: 4 * 7 = 28 (/four_b_multi_tb/).
at 820 ns: Note: Testing: 4 * 8 = 32 (/four_b_multi_tb/).
at 830 ns: Note: Testing: 4 * 9 = 36 (/four_b_multi_tb/).
at 840 ns: Note: Testing: 4 * 10 = 40 (/four_b_multi_tb/).
at 850 ns: Note: Testing: 4 * 11 = 44 (/four_b_multi_tb/).
at 860 ns: Note: Testing: 4 * 12 = 48 (/four_b_multi_tb/).
at 870 ns: Note: Testing: 4 * 13 = 52 (/four_b_multi_tb/).
at 880 ns: Note: Testing: 4 * 14 = 56 (/four_b_multi_tb/).
at 890 ns: Note: Testing: 4 * 15 = 60 (/four_b_multi_tb/).
at 900 ns: Note: Testing: 5 * 0 = 0 (/four_b_multi_tb/).
at 910 ns: Note: Testing: 5 * 1 = 5 (/four_b_multi_tb/).
at 920 ns: Note: Testing: 5 * 2 = 10 (/four_b_multi_tb/).
at 930 ns: Note: Testing: 5 * 3 = 15 (/four_b_multi_tb/).
at 940 ns: Note: Testing: 5 * 4 = 20 (/four_b_multi_tb/).
at 950 ns: Note: Testing: 5 * 5 = 25 (/four_b_multi_tb/).
at 960 ns: Note: Testing: 5 * 6 = 30 (/four_b_multi_tb/).
at 970 ns: Note: Testing: 5 * 7 = 35 (/four_b_multi_tb/).
at 980 ns: Note: Testing: 5 * 8 = 40 (/four_b_multi_tb/).
at 990 ns: Note: Testing: 5 * 9 = 45 (/four_b_multi_tb/).
at 1 us: Note: Testing: 5 * 10 = 50 (/four_b_multi_tb/).
# restart
# run 100s
Simulator is doing circuit initialization process.
at 0 ps: Note: Start testbench! (/four_b_multi_tb/).
Finished circuit initialization process.
at 100 ns: Note: Testing: 0 * 0 = 0 (/four_b_multi_tb/).
at 110 ns: Note: Testing: 0 * 1 = 0 (/four_b_multi_tb/).
at 120 ns: Note: Testing: 0 * 2 = 0 (/four_b_multi_tb/).
at 130 ns: Note: Testing: 0 * 3 = 0 (/four_b_multi_tb/).
at 140 ns: Note: Testing: 0 * 4 = 0 (/four_b_multi_tb/).
at 150 ns: Note: Testing: 0 * 5 = 0 (/four_b_multi_tb/).
at 160 ns: Note: Testing: 0 * 6 = 0 (/four_b_multi_tb/).
at 170 ns: Note: Testing: 0 * 7 = 0 (/four_b_multi_tb/).
at 180 ns: Note: Testing: 0 * 8 = 0 (/four_b_multi_tb/).
at 190 ns: Note: Testing: 0 * 9 = 0 (/four_b_multi_tb/).
at 200 ns: Note: Testing: 0 * 10 = 0 (/four_b_multi_tb/).
at 210 ns: Note: Testing: 0 * 11 = 0 (/four_b_multi_tb/).
at 220 ns: Note: Testing: 0 * 12 = 0 (/four_b_multi_tb/).
at 230 ns: Note: Testing: 0 * 13 = 0 (/four_b_multi_tb/).
at 240 ns: Note: Testing: 0 * 14 = 0 (/four_b_multi_tb/).
at 250 ns: Note: Testing: 0 * 15 = 0 (/four_b_multi_tb/).
at 260 ns: Note: Testing: 1 * 0 = 0 (/four_b_multi_tb/).
at 270 ns: Note: Testing: 1 * 1 = 1 (/four_b_multi_tb/).
at 280 ns: Note: Testing: 1 * 2 = 2 (/four_b_multi_tb/).
at 290 ns: Note: Testing: 1 * 3 = 3 (/four_b_multi_tb/).
at 300 ns: Note: Testing: 1 * 4 = 4 (/four_b_multi_tb/).
at 310 ns: Note: Testing: 1 * 5 = 5 (/four_b_multi_tb/).
at 320 ns: Note: Testing: 1 * 6 = 6 (/four_b_multi_tb/).
at 330 ns: Note: Testing: 1 * 7 = 7 (/four_b_multi_tb/).
at 340 ns: Note: Testing: 1 * 8 = 8 (/four_b_multi_tb/).
at 350 ns: Note: Testing: 1 * 9 = 9 (/four_b_multi_tb/).
at 360 ns: Note: Testing: 1 * 10 = 10 (/four_b_multi_tb/).
at 370 ns: Note: Testing: 1 * 11 = 11 (/four_b_multi_tb/).
at 380 ns: Note: Testing: 1 * 12 = 12 (/four_b_multi_tb/).
at 390 ns: Note: Testing: 1 * 13 = 13 (/four_b_multi_tb/).
at 400 ns: Note: Testing: 1 * 14 = 14 (/four_b_multi_tb/).
at 410 ns: Note: Testing: 1 * 15 = 15 (/four_b_multi_tb/).
at 420 ns: Note: Testing: 2 * 0 = 0 (/four_b_multi_tb/).
at 430 ns: Note: Testing: 2 * 1 = 2 (/four_b_multi_tb/).
at 440 ns: Note: Testing: 2 * 2 = 4 (/four_b_multi_tb/).
at 450 ns: Note: Testing: 2 * 3 = 6 (/four_b_multi_tb/).
at 460 ns: Note: Testing: 2 * 4 = 8 (/four_b_multi_tb/).
at 470 ns: Note: Testing: 2 * 5 = 10 (/four_b_multi_tb/).
at 480 ns: Note: Testing: 2 * 6 = 12 (/four_b_multi_tb/).
at 490 ns: Note: Testing: 2 * 7 = 14 (/four_b_multi_tb/).
at 500 ns: Note: Testing: 2 * 8 = 16 (/four_b_multi_tb/).
at 510 ns: Note: Testing: 2 * 9 = 18 (/four_b_multi_tb/).
at 520 ns: Note: Testing: 2 * 10 = 20 (/four_b_multi_tb/).
at 530 ns: Note: Testing: 2 * 11 = 22 (/four_b_multi_tb/).
at 540 ns: Note: Testing: 2 * 12 = 24 (/four_b_multi_tb/).
at 550 ns: Note: Testing: 2 * 13 = 26 (/four_b_multi_tb/).
at 560 ns: Note: Testing: 2 * 14 = 28 (/four_b_multi_tb/).
at 570 ns: Note: Testing: 2 * 15 = 30 (/four_b_multi_tb/).
at 580 ns: Note: Testing: 3 * 0 = 0 (/four_b_multi_tb/).
at 590 ns: Note: Testing: 3 * 1 = 3 (/four_b_multi_tb/).
at 600 ns: Note: Testing: 3 * 2 = 6 (/four_b_multi_tb/).
at 610 ns: Note: Testing: 3 * 3 = 9 (/four_b_multi_tb/).
at 620 ns: Note: Testing: 3 * 4 = 12 (/four_b_multi_tb/).
at 630 ns: Note: Testing: 3 * 5 = 15 (/four_b_multi_tb/).
at 640 ns: Note: Testing: 3 * 6 = 18 (/four_b_multi_tb/).
at 650 ns: Note: Testing: 3 * 7 = 21 (/four_b_multi_tb/).
at 660 ns: Note: Testing: 3 * 8 = 24 (/four_b_multi_tb/).
at 670 ns: Note: Testing: 3 * 9 = 27 (/four_b_multi_tb/).
at 680 ns: Note: Testing: 3 * 10 = 30 (/four_b_multi_tb/).
at 690 ns: Note: Testing: 3 * 11 = 33 (/four_b_multi_tb/).
at 700 ns: Note: Testing: 3 * 12 = 36 (/four_b_multi_tb/).
at 710 ns: Note: Testing: 3 * 13 = 39 (/four_b_multi_tb/).
at 720 ns: Note: Testing: 3 * 14 = 42 (/four_b_multi_tb/).
at 730 ns: Note: Testing: 3 * 15 = 45 (/four_b_multi_tb/).
at 740 ns: Note: Testing: 4 * 0 = 0 (/four_b_multi_tb/).
at 750 ns: Note: Testing: 4 * 1 = 4 (/four_b_multi_tb/).
at 760 ns: Note: Testing: 4 * 2 = 8 (/four_b_multi_tb/).
at 770 ns: Note: Testing: 4 * 3 = 12 (/four_b_multi_tb/).
at 780 ns: Note: Testing: 4 * 4 = 16 (/four_b_multi_tb/).
at 790 ns: Note: Testing: 4 * 5 = 20 (/four_b_multi_tb/).
at 800 ns: Note: Testing: 4 * 6 = 24 (/four_b_multi_tb/).
at 810 ns: Note: Testing: 4 * 7 = 28 (/four_b_multi_tb/).
at 820 ns: Note: Testing: 4 * 8 = 32 (/four_b_multi_tb/).
at 830 ns: Note: Testing: 4 * 9 = 36 (/four_b_multi_tb/).
at 840 ns: Note: Testing: 4 * 10 = 40 (/four_b_multi_tb/).
at 850 ns: Note: Testing: 4 * 11 = 44 (/four_b_multi_tb/).
at 860 ns: Note: Testing: 4 * 12 = 48 (/four_b_multi_tb/).
at 870 ns: Note: Testing: 4 * 13 = 52 (/four_b_multi_tb/).
at 880 ns: Note: Testing: 4 * 14 = 56 (/four_b_multi_tb/).
at 890 ns: Note: Testing: 4 * 15 = 60 (/four_b_multi_tb/).
at 900 ns: Note: Testing: 5 * 0 = 0 (/four_b_multi_tb/).
at 910 ns: Note: Testing: 5 * 1 = 5 (/four_b_multi_tb/).
at 920 ns: Note: Testing: 5 * 2 = 10 (/four_b_multi_tb/).
at 930 ns: Note: Testing: 5 * 3 = 15 (/four_b_multi_tb/).
at 940 ns: Note: Testing: 5 * 4 = 20 (/four_b_multi_tb/).
at 950 ns: Note: Testing: 5 * 5 = 25 (/four_b_multi_tb/).
at 960 ns: Note: Testing: 5 * 6 = 30 (/four_b_multi_tb/).
at 970 ns: Note: Testing: 5 * 7 = 35 (/four_b_multi_tb/).
at 980 ns: Note: Testing: 5 * 8 = 40 (/four_b_multi_tb/).
at 990 ns: Note: Testing: 5 * 9 = 45 (/four_b_multi_tb/).
at 1 us: Note: Testing: 5 * 10 = 50 (/four_b_multi_tb/).
at 1010 ns: Note: Testing: 5 * 11 = 55 (/four_b_multi_tb/).
at 1020 ns: Note: Testing: 5 * 12 = 60 (/four_b_multi_tb/).
at 1030 ns: Note: Testing: 5 * 13 = 65 (/four_b_multi_tb/).
at 1040 ns: Note: Testing: 5 * 14 = 70 (/four_b_multi_tb/).
at 1050 ns: Note: Testing: 5 * 15 = 75 (/four_b_multi_tb/).
at 1060 ns: Note: Testing: 6 * 0 = 0 (/four_b_multi_tb/).
at 1070 ns: Note: Testing: 6 * 1 = 6 (/four_b_multi_tb/).
at 1080 ns: Note: Testing: 6 * 2 = 12 (/four_b_multi_tb/).
at 1090 ns: Note: Testing: 6 * 3 = 18 (/four_b_multi_tb/).
at 1100 ns: Note: Testing: 6 * 4 = 24 (/four_b_multi_tb/).
at 1110 ns: Note: Testing: 6 * 5 = 30 (/four_b_multi_tb/).
at 1120 ns: Note: Testing: 6 * 6 = 36 (/four_b_multi_tb/).
at 1130 ns: Note: Testing: 6 * 7 = 42 (/four_b_multi_tb/).
at 1140 ns: Note: Testing: 6 * 8 = 48 (/four_b_multi_tb/).
at 1150 ns: Note: Testing: 6 * 9 = 54 (/four_b_multi_tb/).
at 1160 ns: Note: Testing: 6 * 10 = 60 (/four_b_multi_tb/).
at 1170 ns: Note: Testing: 6 * 11 = 66 (/four_b_multi_tb/).
at 1180 ns: Note: Testing: 6 * 12 = 72 (/four_b_multi_tb/).
at 1190 ns: Note: Testing: 6 * 13 = 78 (/four_b_multi_tb/).
at 1200 ns: Note: Testing: 6 * 14 = 84 (/four_b_multi_tb/).
at 1210 ns: Note: Testing: 6 * 15 = 90 (/four_b_multi_tb/).
at 1220 ns: Note: Testing: 7 * 0 = 0 (/four_b_multi_tb/).
at 1230 ns: Note: Testing: 7 * 1 = 7 (/four_b_multi_tb/).
at 1240 ns: Note: Testing: 7 * 2 = 14 (/four_b_multi_tb/).
at 1250 ns: Note: Testing: 7 * 3 = 21 (/four_b_multi_tb/).
at 1260 ns: Note: Testing: 7 * 4 = 28 (/four_b_multi_tb/).
at 1270 ns: Note: Testing: 7 * 5 = 35 (/four_b_multi_tb/).
at 1280 ns: Note: Testing: 7 * 6 = 42 (/four_b_multi_tb/).
at 1290 ns: Note: Testing: 7 * 7 = 49 (/four_b_multi_tb/).
at 1300 ns: Note: Testing: 7 * 8 = 56 (/four_b_multi_tb/).
at 1310 ns: Note: Testing: 7 * 9 = 63 (/four_b_multi_tb/).
at 1320 ns: Note: Testing: 7 * 10 = 70 (/four_b_multi_tb/).
at 1330 ns: Note: Testing: 7 * 11 = 77 (/four_b_multi_tb/).
at 1340 ns: Note: Testing: 7 * 12 = 84 (/four_b_multi_tb/).
at 1350 ns: Note: Testing: 7 * 13 = 91 (/four_b_multi_tb/).
at 1360 ns: Note: Testing: 7 * 14 = 98 (/four_b_multi_tb/).
at 1370 ns: Note: Testing: 7 * 15 = 105 (/four_b_multi_tb/).
at 1380 ns: Note: Testing: 8 * 0 = 0 (/four_b_multi_tb/).
at 1390 ns: Note: Testing: 8 * 1 = 8 (/four_b_multi_tb/).
at 1400 ns: Note: Testing: 8 * 2 = 16 (/four_b_multi_tb/).
at 1410 ns: Note: Testing: 8 * 3 = 24 (/four_b_multi_tb/).
at 1420 ns: Note: Testing: 8 * 4 = 32 (/four_b_multi_tb/).
at 1430 ns: Note: Testing: 8 * 5 = 40 (/four_b_multi_tb/).
at 1440 ns: Note: Testing: 8 * 6 = 48 (/four_b_multi_tb/).
at 1450 ns: Note: Testing: 8 * 7 = 56 (/four_b_multi_tb/).
at 1460 ns: Note: Testing: 8 * 8 = 64 (/four_b_multi_tb/).
at 1470 ns: Note: Testing: 8 * 9 = 72 (/four_b_multi_tb/).
at 1480 ns: Note: Testing: 8 * 10 = 80 (/four_b_multi_tb/).
at 1490 ns: Note: Testing: 8 * 11 = 88 (/four_b_multi_tb/).
at 1500 ns: Note: Testing: 8 * 12 = 96 (/four_b_multi_tb/).
at 1510 ns: Note: Testing: 8 * 13 = 104 (/four_b_multi_tb/).
at 1520 ns: Note: Testing: 8 * 14 = 112 (/four_b_multi_tb/).
at 1530 ns: Note: Testing: 8 * 15 = 120 (/four_b_multi_tb/).
at 1540 ns: Note: Testing: 9 * 0 = 0 (/four_b_multi_tb/).
at 1550 ns: Note: Testing: 9 * 1 = 9 (/four_b_multi_tb/).
at 1560 ns: Note: Testing: 9 * 2 = 18 (/four_b_multi_tb/).
at 1570 ns: Note: Testing: 9 * 3 = 27 (/four_b_multi_tb/).
at 1580 ns: Note: Testing: 9 * 4 = 36 (/four_b_multi_tb/).
at 1590 ns: Note: Testing: 9 * 5 = 45 (/four_b_multi_tb/).
at 1600 ns: Note: Testing: 9 * 6 = 54 (/four_b_multi_tb/).
at 1610 ns: Note: Testing: 9 * 7 = 63 (/four_b_multi_tb/).
at 1620 ns: Note: Testing: 9 * 8 = 72 (/four_b_multi_tb/).
at 1630 ns: Note: Testing: 9 * 9 = 81 (/four_b_multi_tb/).
at 1640 ns: Note: Testing: 9 * 10 = 90 (/four_b_multi_tb/).
at 1650 ns: Note: Testing: 9 * 11 = 99 (/four_b_multi_tb/).
at 1660 ns: Note: Testing: 9 * 12 = 108 (/four_b_multi_tb/).
at 1670 ns: Note: Testing: 9 * 13 = 117 (/four_b_multi_tb/).
at 1680 ns: Note: Testing: 9 * 14 = 126 (/four_b_multi_tb/).
at 1690 ns: Note: Testing: 9 * 15 = 135 (/four_b_multi_tb/).
at 1700 ns: Note: Testing: 10 * 0 = 0 (/four_b_multi_tb/).
at 1710 ns: Note: Testing: 10 * 1 = 10 (/four_b_multi_tb/).
at 1720 ns: Note: Testing: 10 * 2 = 20 (/four_b_multi_tb/).
at 1730 ns: Note: Testing: 10 * 3 = 30 (/four_b_multi_tb/).
at 1740 ns: Note: Testing: 10 * 4 = 40 (/four_b_multi_tb/).
at 1750 ns: Note: Testing: 10 * 5 = 50 (/four_b_multi_tb/).
at 1760 ns: Note: Testing: 10 * 6 = 60 (/four_b_multi_tb/).
at 1770 ns: Note: Testing: 10 * 7 = 70 (/four_b_multi_tb/).
at 1780 ns: Note: Testing: 10 * 8 = 80 (/four_b_multi_tb/).
at 1790 ns: Note: Testing: 10 * 9 = 90 (/four_b_multi_tb/).
at 1800 ns: Note: Testing: 10 * 10 = 100 (/four_b_multi_tb/).
at 1810 ns: Note: Testing: 10 * 11 = 110 (/four_b_multi_tb/).
at 1820 ns: Note: Testing: 10 * 12 = 120 (/four_b_multi_tb/).
at 1830 ns: Note: Testing: 10 * 13 = 130 (/four_b_multi_tb/).
at 1840 ns: Note: Testing: 10 * 14 = 140 (/four_b_multi_tb/).
at 1850 ns: Note: Testing: 10 * 15 = 150 (/four_b_multi_tb/).
at 1860 ns: Note: Testing: 11 * 0 = 0 (/four_b_multi_tb/).
at 1870 ns: Note: Testing: 11 * 1 = 11 (/four_b_multi_tb/).
at 1880 ns: Note: Testing: 11 * 2 = 22 (/four_b_multi_tb/).
at 1890 ns: Note: Testing: 11 * 3 = 33 (/four_b_multi_tb/).
at 1900 ns: Note: Testing: 11 * 4 = 44 (/four_b_multi_tb/).
at 1910 ns: Note: Testing: 11 * 5 = 55 (/four_b_multi_tb/).
at 1920 ns: Note: Testing: 11 * 6 = 66 (/four_b_multi_tb/).
at 1930 ns: Note: Testing: 11 * 7 = 77 (/four_b_multi_tb/).
at 1940 ns: Note: Testing: 11 * 8 = 88 (/four_b_multi_tb/).
at 1950 ns: Note: Testing: 11 * 9 = 99 (/four_b_multi_tb/).
at 1960 ns: Note: Testing: 11 * 10 = 110 (/four_b_multi_tb/).
at 1970 ns: Note: Testing: 11 * 11 = 121 (/four_b_multi_tb/).
at 1980 ns: Note: Testing: 11 * 12 = 132 (/four_b_multi_tb/).
at 1990 ns: Note: Testing: 11 * 13 = 143 (/four_b_multi_tb/).
at 2 us: Note: Testing: 11 * 14 = 154 (/four_b_multi_tb/).
at 2010 ns: Note: Testing: 11 * 15 = 165 (/four_b_multi_tb/).
at 2020 ns: Note: Testing: 12 * 0 = 0 (/four_b_multi_tb/).
at 2030 ns: Note: Testing: 12 * 1 = 12 (/four_b_multi_tb/).
at 2040 ns: Note: Testing: 12 * 2 = 24 (/four_b_multi_tb/).
at 2050 ns: Note: Testing: 12 * 3 = 36 (/four_b_multi_tb/).
at 2060 ns: Note: Testing: 12 * 4 = 48 (/four_b_multi_tb/).
at 2070 ns: Note: Testing: 12 * 5 = 60 (/four_b_multi_tb/).
at 2080 ns: Note: Testing: 12 * 6 = 72 (/four_b_multi_tb/).
at 2090 ns: Note: Testing: 12 * 7 = 84 (/four_b_multi_tb/).
at 2100 ns: Note: Testing: 12 * 8 = 96 (/four_b_multi_tb/).
at 2110 ns: Note: Testing: 12 * 9 = 108 (/four_b_multi_tb/).
at 2120 ns: Note: Testing: 12 * 10 = 120 (/four_b_multi_tb/).
at 2130 ns: Note: Testing: 12 * 11 = 132 (/four_b_multi_tb/).
at 2140 ns: Note: Testing: 12 * 12 = 144 (/four_b_multi_tb/).
at 2150 ns: Note: Testing: 12 * 13 = 156 (/four_b_multi_tb/).
at 2160 ns: Note: Testing: 12 * 14 = 168 (/four_b_multi_tb/).
at 2170 ns: Note: Testing: 12 * 15 = 180 (/four_b_multi_tb/).
at 2180 ns: Note: Testing: 13 * 0 = 0 (/four_b_multi_tb/).
at 2190 ns: Note: Testing: 13 * 1 = 13 (/four_b_multi_tb/).
at 2200 ns: Note: Testing: 13 * 2 = 26 (/four_b_multi_tb/).
at 2210 ns: Note: Testing: 13 * 3 = 39 (/four_b_multi_tb/).
at 2220 ns: Note: Testing: 13 * 4 = 52 (/four_b_multi_tb/).
at 2230 ns: Note: Testing: 13 * 5 = 65 (/four_b_multi_tb/).
at 2240 ns: Note: Testing: 13 * 6 = 78 (/four_b_multi_tb/).
at 2250 ns: Note: Testing: 13 * 7 = 91 (/four_b_multi_tb/).
at 2260 ns: Note: Testing: 13 * 8 = 104 (/four_b_multi_tb/).
at 2270 ns: Note: Testing: 13 * 9 = 117 (/four_b_multi_tb/).
at 2280 ns: Note: Testing: 13 * 10 = 130 (/four_b_multi_tb/).
at 2290 ns: Note: Testing: 13 * 11 = 143 (/four_b_multi_tb/).
at 2300 ns: Note: Testing: 13 * 12 = 156 (/four_b_multi_tb/).
at 2310 ns: Note: Testing: 13 * 13 = 169 (/four_b_multi_tb/).
at 2320 ns: Note: Testing: 13 * 14 = 182 (/four_b_multi_tb/).
at 2330 ns: Note: Testing: 13 * 15 = 195 (/four_b_multi_tb/).
at 2340 ns: Note: Testing: 14 * 0 = 0 (/four_b_multi_tb/).
at 2350 ns: Note: Testing: 14 * 1 = 14 (/four_b_multi_tb/).
at 2360 ns: Note: Testing: 14 * 2 = 28 (/four_b_multi_tb/).
at 2370 ns: Note: Testing: 14 * 3 = 42 (/four_b_multi_tb/).
at 2380 ns: Note: Testing: 14 * 4 = 56 (/four_b_multi_tb/).
at 2390 ns: Note: Testing: 14 * 5 = 70 (/four_b_multi_tb/).
at 2400 ns: Note: Testing: 14 * 6 = 84 (/four_b_multi_tb/).
at 2410 ns: Note: Testing: 14 * 7 = 98 (/four_b_multi_tb/).
at 2420 ns: Note: Testing: 14 * 8 = 112 (/four_b_multi_tb/).
at 2430 ns: Note: Testing: 14 * 9 = 126 (/four_b_multi_tb/).
at 2440 ns: Note: Testing: 14 * 10 = 140 (/four_b_multi_tb/).
at 2450 ns: Note: Testing: 14 * 11 = 154 (/four_b_multi_tb/).
at 2460 ns: Note: Testing: 14 * 12 = 168 (/four_b_multi_tb/).
at 2470 ns: Note: Testing: 14 * 13 = 182 (/four_b_multi_tb/).
at 2480 ns: Note: Testing: 14 * 14 = 196 (/four_b_multi_tb/).
at 2490 ns: Note: Testing: 14 * 15 = 210 (/four_b_multi_tb/).
at 2500 ns: Note: Testing: 15 * 0 = 0 (/four_b_multi_tb/).
at 2510 ns: Note: Testing: 15 * 1 = 15 (/four_b_multi_tb/).
at 2520 ns: Note: Testing: 15 * 2 = 30 (/four_b_multi_tb/).
at 2530 ns: Note: Testing: 15 * 3 = 45 (/four_b_multi_tb/).
at 2540 ns: Note: Testing: 15 * 4 = 60 (/four_b_multi_tb/).
at 2550 ns: Note: Testing: 15 * 5 = 75 (/four_b_multi_tb/).
at 2560 ns: Note: Testing: 15 * 6 = 90 (/four_b_multi_tb/).
at 2570 ns: Note: Testing: 15 * 7 = 105 (/four_b_multi_tb/).
at 2580 ns: Note: Testing: 15 * 8 = 120 (/four_b_multi_tb/).
at 2590 ns: Note: Testing: 15 * 9 = 135 (/four_b_multi_tb/).
at 2600 ns: Note: Testing: 15 * 10 = 150 (/four_b_multi_tb/).
at 2610 ns: Note: Testing: 15 * 11 = 165 (/four_b_multi_tb/).
at 2620 ns: Note: Testing: 15 * 12 = 180 (/four_b_multi_tb/).
at 2630 ns: Note: Testing: 15 * 13 = 195 (/four_b_multi_tb/).
at 2640 ns: Note: Testing: 15 * 14 = 210 (/four_b_multi_tb/).
at 2650 ns: Note: Testing: 15 * 15 = 225 (/four_b_multi_tb/).

** Failure:End of testbench
User(VHDL) Code Called Simulation Stop
In process four_b_multi_tb.vhd:stim_proc 
 
INFO: Simulator is stopped.
# exit 0
