Command line:
   eight_bit_adder_tb_isim_beh.exe
     -simmode  gui
     -simrunnum  0
     -socket  46070

Wed Nov  4 22:16:47 2015


 Elaboration Time: 0.03 sec

 Current Memory Usage: 195.916 Meg

 Total Signals          : 98
 Total Nets             : 33
 Total Signal Drivers   : 32
 Total Blocks           : 11
 Total Primitive Blocks : 9
 Total Processes        : 17
 Total Traceable Variables  : 8
 Total Scalar Nets and Variables : 393
Total Line Count : 47

** Failure:Bin mit dem Test durch Yea!
User(VHDL) Code Called Simulation Stop
In process eight_bit_adder_tb.vhd:stim_proc 
 


 Total Simulation Time: 0.06 sec

 Current Memory Usage: 271.417 Meg

Wed Nov  4 22:16:59 2015

