Command line:
   multiplexer_tb_isim_beh.exe
     -simmode  gui
     -simrunnum  0
     -socket  37460

Wed Nov  4 22:04:29 2015


 Elaboration Time: 0.02 sec

 Current Memory Usage: 195.912 Meg

 Total Signals          : 9
 Total Nets             : 5
 Total Signal Drivers   : 5
 Total Blocks           : 3
 Total Primitive Blocks : 2
 Total Processes        : 3
 Total Traceable Variables  : 8
 Total Scalar Nets and Variables : 365
Total Line Count : 15

** Failure:Ende der Testbench
User(VHDL) Code Called Simulation Stop
In process multiplexer_tb.vhd:stim_proc 
 


 Total Simulation Time: 0.04 sec

 Current Memory Usage: 271.413 Meg

Wed Nov  4 22:04:46 2015

