Command line:
   multiplexer_isim_beh.exe
     -simmode  gui
     -simrunnum  0
     -socket  47596

Sat Oct 31 12:28:02 2015


 Elaboration Time: 0.03 sec

 Current Memory Usage: 195.903 Meg

 Total Signals          : 5
 Total Nets             : 5
 Total Signal Drivers   : 2
 Total Blocks           : 2
 Total Primitive Blocks : 2
 Total Processes        : 1
 Total Traceable Variables  : 8
 Total Scalar Nets and Variables : 365
Total Line Count : 4

 Total Simulation Time: 0.04 sec

 Current Memory Usage: 271.405 Meg

Sat Oct 31 12:28:19 2015

