Command line:
   full_adder_tb_isim_beh.exe
     -simmode  gui
     -simrunnum  0
     -socket  46768

Wed Nov  4 22:16:27 2015


 Elaboration Time: 0.04 sec

 Current Memory Usage: 195.908 Meg

 Total Signals          : 10
 Total Nets             : 5
 Total Signal Drivers   : 5
 Total Blocks           : 3
 Total Primitive Blocks : 2
 Total Processes        : 3
 Total Traceable Variables  : 8
 Total Scalar Nets and Variables : 365
Total Line Count : 11

 Total Simulation Time: 0.04 sec

 Current Memory Usage: 271.409 Meg

Wed Nov  4 22:16:35 2015

