Release 14.7 - xst P.20131013 (lin64)
Copyright (c) 1995-2013 Xilinx, Inc.  All rights reserved.
--> 
Parameter TMPDIR set to xst/projnav.tmp


Total REAL time to Xst completion: 0.00 secs
Total CPU time to Xst completion: 0.11 secs
 
--> 
Parameter xsthdpdir set to xst


Total REAL time to Xst completion: 0.00 secs
Total CPU time to Xst completion: 0.11 secs
 
--> 
Reading design: Memory.prj

TABLE OF CONTENTS
  1) Synthesis Options Summary
  2) HDL Parsing
  3) HDL Elaboration
  4) HDL Synthesis
       4.1) HDL Synthesis Report
  5) Advanced HDL Synthesis
       5.1) Advanced HDL Synthesis Report
  6) Low Level Synthesis
  7) Partition Report
  8) Design Summary
       8.1) Primitive and Black Box Usage
       8.2) Device utilization summary
       8.3) Partition Resource Summary
       8.4) Timing Report
            8.4.1) Clock Information
            8.4.2) Asynchronous Control Signals Information
            8.4.3) Timing Summary
            8.4.4) Timing Details
            8.4.5) Cross Clock Domains Report


=========================================================================
*                      Synthesis Options Summary                        *
=========================================================================
---- Source Parameters
Input File Name                    : "Memory.prj"
Ignore Synthesis Constraint File   : NO

---- Target Parameters
Output File Name                   : "Memory"
Output Format                      : NGC
Target Device                      : xc7a100t-3-csg324

---- Source Options
Top Module Name                    : Memory
Automatic FSM Extraction           : YES
FSM Encoding Algorithm             : Auto
Safe Implementation                : No
FSM Style                          : LUT
RAM Extraction                     : Yes
RAM Style                          : Auto
ROM Extraction                     : Yes
Shift Register Extraction          : YES
ROM Style                          : Auto
Resource Sharing                   : YES
Asynchronous To Synchronous        : NO
Shift Register Minimum Size        : 2
Use DSP Block                      : Auto
Automatic Register Balancing       : No

---- Target Options
LUT Combining                      : Auto
Reduce Control Sets                : Auto
Add IO Buffers                     : YES
Global Maximum Fanout              : 100000
Add Generic Clock Buffer(BUFG)     : 32
Register Duplication               : YES
Optimize Instantiated Primitives   : NO
Use Clock Enable                   : Auto
Use Synchronous Set                : Auto
Use Synchronous Reset              : Auto
Pack IO Registers into IOBs        : Auto
Equivalent register Removal        : YES

---- General Options
Optimization Goal                  : Speed
Optimization Effort                : 1
Power Reduction                    : NO
Keep Hierarchy                     : No
Netlist Hierarchy                  : As_Optimized
RTL Output                         : Yes
Global Optimization                : AllClockNets
Read Cores                         : YES
Write Timing Constraints           : NO
Cross Clock Analysis               : NO
Hierarchy Separator                : /
Bus Delimiter                      : <>
Case Specifier                     : Maintain
Slice Utilization Ratio            : 100
BRAM Utilization Ratio             : 100
DSP48 Utilization Ratio            : 100
Auto BRAM Packing                  : NO
Slice Utilization Ratio Delta      : 5

=========================================================================


=========================================================================
*                          HDL Parsing                                  *
=========================================================================
Parsing VHDL file "/home/stefan/Dokumente/Uebung 2/memory/memory.vhd" into library work
Parsing entity <Memory>.
Parsing architecture <memory_impl> of entity <memory>.

=========================================================================
*                            HDL Elaboration                            *
=========================================================================

Elaborating entity <Memory> (architecture <memory_impl>) from library <work>.

=========================================================================
*                           HDL Synthesis                               *
=========================================================================

Synthesizing Unit <Memory>.
    Related source file is "/home/stefan/Dokumente/Uebung 2/memory/memory.vhd".
    Found 8-bit register for signal <reg<0>>.
    Found 8-bit register for signal <reg<1>>.
    Found 8-bit register for signal <reg<2>>.
    Found 8-bit register for signal <reg<3>>.
    Found 8-bit register for signal <reg<4>>.
    Found 8-bit register for signal <reg<5>>.
    Found 8-bit register for signal <reg<6>>.
    Found 8-bit register for signal <reg<7>>.
    Found 8-bit register for signal <reg<8>>.
    Found 8-bit register for signal <reg<9>>.
    Found 8-bit register for signal <reg<10>>.
    Found 8-bit register for signal <reg<11>>.
    Found 8-bit register for signal <reg<12>>.
    Found 8-bit register for signal <reg<13>>.
    Found 8-bit register for signal <reg<14>>.
    Found 8-bit register for signal <reg<15>>.
    Found 8-bit register for signal <reg<16>>.
    Found 8-bit register for signal <reg<17>>.
    Found 8-bit register for signal <reg<18>>.
    Found 8-bit register for signal <reg<19>>.
    Found 8-bit register for signal <reg<20>>.
    Found 8-bit register for signal <reg<21>>.
    Found 8-bit register for signal <reg<22>>.
    Found 8-bit register for signal <reg<23>>.
    Found 8-bit register for signal <reg<24>>.
    Found 8-bit register for signal <reg<25>>.
    Found 8-bit register for signal <reg<26>>.
    Found 8-bit register for signal <reg<27>>.
    Found 8-bit register for signal <reg<28>>.
    Found 8-bit register for signal <reg<29>>.
    Found 8-bit register for signal <reg<30>>.
    Found 8-bit register for signal <reg<31>>.
    Found 8-bit register for signal <reg<32>>.
    Found 8-bit register for signal <reg<33>>.
    Found 8-bit register for signal <reg<34>>.
    Found 8-bit register for signal <reg<35>>.
    Found 8-bit register for signal <reg<36>>.
    Found 8-bit register for signal <reg<37>>.
    Found 8-bit register for signal <reg<38>>.
    Found 8-bit register for signal <reg<39>>.
    Found 8-bit register for signal <reg<40>>.
    Found 8-bit register for signal <reg<41>>.
    Found 8-bit register for signal <reg<42>>.
    Found 8-bit register for signal <reg<43>>.
    Found 8-bit register for signal <reg<44>>.
    Found 8-bit register for signal <reg<45>>.
    Found 8-bit register for signal <reg<46>>.
    Found 8-bit register for signal <reg<47>>.
    Found 8-bit register for signal <reg<48>>.
    Found 8-bit register for signal <reg<49>>.
    Found 8-bit register for signal <reg<50>>.
    Found 8-bit register for signal <reg<51>>.
    Found 8-bit register for signal <reg<52>>.
    Found 8-bit register for signal <reg<53>>.
    Found 8-bit register for signal <reg<54>>.
    Found 8-bit register for signal <reg<55>>.
    Found 8-bit register for signal <reg<56>>.
    Found 8-bit register for signal <reg<57>>.
    Found 8-bit register for signal <reg<58>>.
    Found 8-bit register for signal <reg<59>>.
    Found 8-bit register for signal <reg<60>>.
    Found 8-bit register for signal <reg<61>>.
    Found 8-bit register for signal <reg<62>>.
    Found 8-bit register for signal <reg<63>>.
    Found 8-bit register for signal <reg<64>>.
    Found 8-bit register for signal <reg<65>>.
    Found 8-bit register for signal <reg<66>>.
    Found 8-bit register for signal <reg<67>>.
    Found 8-bit register for signal <reg<68>>.
    Found 8-bit register for signal <reg<69>>.
    Found 8-bit register for signal <reg<70>>.
    Found 8-bit register for signal <reg<71>>.
    Found 8-bit register for signal <reg<72>>.
    Found 8-bit register for signal <reg<73>>.
    Found 8-bit register for signal <reg<74>>.
    Found 8-bit register for signal <reg<75>>.
    Found 8-bit register for signal <reg<76>>.
    Found 8-bit register for signal <reg<77>>.
    Found 8-bit register for signal <reg<78>>.
    Found 8-bit register for signal <reg<79>>.
    Found 8-bit register for signal <output>.
INFO:Xst:3019 - HDL ADVISOR - 1024 flip-flops were inferred for signal <reg>. You may be trying to describe a RAM in a way that is incompatible with block and distributed RAM resources available on Xilinx devices, or with a specific template that is not supported. Please review the Xilinx resources documentation and the XST user manual for coding guidelines. Taking advantage of RAM resources will lead to improved device usage and reduced synthesis time.
    Found 8-bit 80-to-1 multiplexer for signal <iaddr[6]_X_8_o_wide_mux_3_OUT> created at line 103.
    Summary:
	inferred 648 D-type flip-flop(s).
	inferred   1 Multiplexer(s).
Unit <Memory> synthesized.

=========================================================================
HDL Synthesis Report

Macro Statistics
# Registers                                            : 81
 8-bit register                                        : 81
# Multiplexers                                         : 1
 8-bit 80-to-1 multiplexer                             : 1

=========================================================================

=========================================================================
*                       Advanced HDL Synthesis                          *
=========================================================================


=========================================================================
Advanced HDL Synthesis Report

Macro Statistics
# Registers                                            : 648
 Flip-Flops                                            : 648
# Multiplexers                                         : 1
 8-bit 80-to-1 multiplexer                             : 1

=========================================================================

=========================================================================
*                         Low Level Synthesis                           *
=========================================================================

Optimizing unit <Memory> ...

Mapping all equations...
Building and optimizing final netlist ...
Found area constraint ratio of 100 (+ 5) on block Memory, actual ratio is 1.

Final Macro Processing ...

=========================================================================
Final Register Report

Macro Statistics
# Registers                                            : 648
 Flip-Flops                                            : 648

=========================================================================

=========================================================================
*                           Partition Report                            *
=========================================================================

Partition Implementation Status
-------------------------------

  No Partitions were found in this design.

-------------------------------

=========================================================================
*                            Design Summary                             *
=========================================================================

Top Level Output File Name         : Memory.ngc

Primitive and Black Box Usage:
------------------------------
# BELS                             : 305
#      LUT2                        : 1
#      LUT3                        : 8
#      LUT6                        : 288
#      MUXF7                       : 8
# FlipFlops/Latches                : 648
#      FDRE                        : 648
# Clock Buffers                    : 1
#      BUFGP                       : 1
# IO Buffers                       : 27
#      IBUF                        : 19
#      OBUF                        : 8

Device utilization summary:
---------------------------

Selected Device : 7a100tcsg324-3 


Slice Logic Utilization: 
 Number of Slice Registers:             648  out of  126800     0%  
 Number of Slice LUTs:                  297  out of  63400     0%  
    Number used as Logic:               297  out of  63400     0%  

Slice Logic Distribution: 
 Number of LUT Flip Flop pairs used:    933
   Number with an unused Flip Flop:     285  out of    933    30%  
   Number with an unused LUT:           636  out of    933    68%  
   Number of fully used LUT-FF pairs:    12  out of    933     1%  
   Number of unique control sets:        81

IO Utilization: 
 Number of IOs:                          30
 Number of bonded IOBs:                  28  out of    210    13%  

Specific Feature Utilization:
 Number of BUFG/BUFGCTRLs:                1  out of     32     3%  

---------------------------
Partition Resource Summary:
---------------------------

  No Partitions were found in this design.

---------------------------


=========================================================================
Timing Report

NOTE: THESE TIMING NUMBERS ARE ONLY A SYNTHESIS ESTIMATE.
      FOR ACCURATE TIMING INFORMATION PLEASE REFER TO THE TRACE REPORT
      GENERATED AFTER PLACE-and-ROUTE.

Clock Information:
------------------
-----------------------------------+------------------------+-------+
Clock Signal                       | Clock buffer(FF name)  | Load  |
-----------------------------------+------------------------+-------+
clk                                | BUFGP                  | 648   |
-----------------------------------+------------------------+-------+

Asynchronous Control Signals Information:
----------------------------------------
No asynchronous control signals found in this design

Timing Summary:
---------------
Speed Grade: -3

   Minimum period: 2.606ns (Maximum Frequency: 383.745MHz)
   Minimum input arrival time before clock: 2.512ns
   Maximum output required time after clock: 0.640ns
   Maximum combinational path delay: No path found

Timing Details:
---------------
All values displayed in nanoseconds (ns)

=========================================================================
Timing constraint: Default period analysis for Clock 'clk'
  Clock period: 2.606ns (frequency: 383.745MHz)
  Total number of paths / destination ports: 640 / 8
-------------------------------------------------------------------------
Delay:               2.606ns (Levels of Logic = 4)
  Source:            reg_42_0 (FF)
  Destination:       output_0 (FF)
  Source Clock:      clk rising
  Destination Clock: clk rising

  Data Path: reg_42_0 to output_0
                                Gate     Net
    Cell:in->out      fanout   Delay   Delay  Logical Name (Net Name)
    ----------------------------------------  ------------
     FDRE:C->Q             1   0.361   0.556  reg_42_0 (reg_42_0)
     LUT6:I2->O            1   0.097   0.556  Mmux_iaddr[6]_X_8_o_wide_mux_3_OUT_144 (Mmux_iaddr[6]_X_8_o_wide_mux_3_OUT_144)
     LUT6:I2->O            1   0.097   0.556  Mmux_iaddr[6]_X_8_o_wide_mux_3_OUT_92 (Mmux_iaddr[6]_X_8_o_wide_mux_3_OUT_92)
     LUT6:I2->O            1   0.097   0.000  Mmux_iaddr[6]_X_8_o_wide_mux_3_OUT_4 (Mmux_iaddr[6]_X_8_o_wide_mux_3_OUT_4)
     MUXF7:I0->O           1   0.277   0.000  Mmux_iaddr[6]_X_8_o_wide_mux_3_OUT_2_f7 (iaddr[6]_X_8_o_wide_mux_3_OUT<0>)
     FDRE:D                    0.008          output_0
    ----------------------------------------
    Total                      2.606ns (0.937ns logic, 1.669ns route)
                                       (36.0% logic, 64.0% route)

=========================================================================
Timing constraint: Default OFFSET IN BEFORE for Clock 'clk'
  Total number of paths / destination ports: 6848 / 1944
-------------------------------------------------------------------------
Offset:              2.512ns (Levels of Logic = 5)
  Source:            addr<0> (PAD)
  Destination:       output_0 (FF)
  Destination Clock: clk rising

  Data Path: addr<0> to output_0
                                Gate     Net
    Cell:in->out      fanout   Delay   Delay  Logical Name (Net Name)
    ----------------------------------------  ------------
     IBUF:I->O           240   0.001   0.822  addr_0_IBUF (addr_0_IBUF)
     LUT6:I1->O            1   0.097   0.556  Mmux_iaddr[6]_X_8_o_wide_mux_3_OUT_144 (Mmux_iaddr[6]_X_8_o_wide_mux_3_OUT_144)
     LUT6:I2->O            1   0.097   0.556  Mmux_iaddr[6]_X_8_o_wide_mux_3_OUT_92 (Mmux_iaddr[6]_X_8_o_wide_mux_3_OUT_92)
     LUT6:I2->O            1   0.097   0.000  Mmux_iaddr[6]_X_8_o_wide_mux_3_OUT_4 (Mmux_iaddr[6]_X_8_o_wide_mux_3_OUT_4)
     MUXF7:I0->O           1   0.277   0.000  Mmux_iaddr[6]_X_8_o_wide_mux_3_OUT_2_f7 (iaddr[6]_X_8_o_wide_mux_3_OUT<0>)
     FDRE:D                    0.008          output_0
    ----------------------------------------
    Total                      2.512ns (0.577ns logic, 1.935ns route)
                                       (23.0% logic, 77.0% route)

=========================================================================
Timing constraint: Default OFFSET OUT AFTER for Clock 'clk'
  Total number of paths / destination ports: 8 / 8
-------------------------------------------------------------------------
Offset:              0.640ns (Levels of Logic = 1)
  Source:            output_7 (FF)
  Destination:       output<7> (PAD)
  Source Clock:      clk rising

  Data Path: output_7 to output<7>
                                Gate     Net
    Cell:in->out      fanout   Delay   Delay  Logical Name (Net Name)
    ----------------------------------------  ------------
     FDRE:C->Q             1   0.361   0.279  output_7 (output_7)
     OBUF:I->O                 0.000          output_7_OBUF (output<7>)
    ----------------------------------------
    Total                      0.640ns (0.361ns logic, 0.279ns route)
                                       (56.4% logic, 43.6% route)

=========================================================================

Cross Clock Domains Report:
--------------------------

Clock to Setup on destination clock clk
---------------+---------+---------+---------+---------+
               | Src:Rise| Src:Fall| Src:Rise| Src:Fall|
Source Clock   |Dest:Rise|Dest:Rise|Dest:Fall|Dest:Fall|
---------------+---------+---------+---------+---------+
clk            |    2.606|         |         |         |
---------------+---------+---------+---------+---------+

=========================================================================


Total REAL time to Xst completion: 25.00 secs
Total CPU time to Xst completion: 24.45 secs
 
--> 


Total memory usage is 517172 kilobytes

Number of errors   :    0 (   0 filtered)
Number of warnings :    0 (   0 filtered)
Number of infos    :    1 (   0 filtered)

