Running: /opt/Xilinx/14.7/ISE_DS/ISE/bin/lin64/unwrapped/fuse -intstyle ise -incremental -lib secureip -o /home/stefan/Rechnerarchitektur2015/ghost/ghost_tb_isim_beh.exe -prj /home/stefan/Rechnerarchitektur2015/ghost/ghost_tb_beh.prj work.ghost_tb 
ISim P.20131013 (signature 0xfbc00daa)
Number of CPUs detected in this system: 4
Turning on mult-threading, number of parallel sub-compilation jobs: 8 
Determining compilation order of HDL files
Parsing VHDL file "/home/stefan/Rechnerarchitektur2015/ghost/ghost.vhd" into library work
Parsing VHDL file "/home/stefan/Rechnerarchitektur2015/ghost/ghost_tb.vhd" into library work
Starting static elaboration
Completed static elaboration
Fuse Memory Usage: 95052 KB
Fuse CPU Usage: 1100 ms
Compiling package standard
Compiling package std_logic_1164
Compiling architecture ghost_impl of entity ghost [ghost_default]
Compiling architecture behavior of entity ghost_tb
Time Resolution for simulation is 1ps.
Waiting for 1 sub-compilation(s) to finish...
Compiled 5 VHDL Units
Built simulation executable /home/stefan/Rechnerarchitektur2015/ghost/ghost_tb_isim_beh.exe
Fuse Memory Usage: 660784 KB
Fuse CPU Usage: 1150 ms
GCC CPU Usage: 530 ms
