Release 14.7 - xst P.20131013 (lin64)
Copyright (c) 1995-2013 Xilinx, Inc.  All rights reserved.
--> 
Parameter TMPDIR set to xst/projnav.tmp


Total REAL time to Xst completion: 0.00 secs
Total CPU time to Xst completion: 0.11 secs
 
--> 
Parameter xsthdpdir set to xst


Total REAL time to Xst completion: 0.00 secs
Total CPU time to Xst completion: 0.11 secs
 
--> 
Reading design: ghost.prj

TABLE OF CONTENTS
  1) Synthesis Options Summary
  2) HDL Parsing
  3) HDL Elaboration
  4) HDL Synthesis
       4.1) HDL Synthesis Report
  5) Advanced HDL Synthesis
       5.1) Advanced HDL Synthesis Report
  6) Low Level Synthesis
  7) Partition Report
  8) Design Summary
       8.1) Primitive and Black Box Usage
       8.2) Device utilization summary
       8.3) Partition Resource Summary
       8.4) Timing Report
            8.4.1) Clock Information
            8.4.2) Asynchronous Control Signals Information
            8.4.3) Timing Summary
            8.4.4) Timing Details
            8.4.5) Cross Clock Domains Report


=========================================================================
*                      Synthesis Options Summary                        *
=========================================================================
---- Source Parameters
Input File Name                    : "ghost.prj"
Ignore Synthesis Constraint File   : NO

---- Target Parameters
Output File Name                   : "ghost"
Output Format                      : NGC
Target Device                      : xc7a100t-3-csg324

---- Source Options
Top Module Name                    : ghost
Automatic FSM Extraction           : YES
FSM Encoding Algorithm             : Auto
Safe Implementation                : No
FSM Style                          : LUT
RAM Extraction                     : Yes
RAM Style                          : Auto
ROM Extraction                     : Yes
Shift Register Extraction          : YES
ROM Style                          : Auto
Resource Sharing                   : YES
Asynchronous To Synchronous        : NO
Shift Register Minimum Size        : 2
Use DSP Block                      : Auto
Automatic Register Balancing       : No

---- Target Options
LUT Combining                      : Auto
Reduce Control Sets                : Auto
Add IO Buffers                     : YES
Global Maximum Fanout              : 100000
Add Generic Clock Buffer(BUFG)     : 32
Register Duplication               : YES
Optimize Instantiated Primitives   : NO
Use Clock Enable                   : Auto
Use Synchronous Set                : Auto
Use Synchronous Reset              : Auto
Pack IO Registers into IOBs        : Auto
Equivalent register Removal        : YES

---- General Options
Optimization Goal                  : Speed
Optimization Effort                : 1
Power Reduction                    : NO
Keep Hierarchy                     : No
Netlist Hierarchy                  : As_Optimized
RTL Output                         : Yes
Global Optimization                : AllClockNets
Read Cores                         : YES
Write Timing Constraints           : NO
Cross Clock Analysis               : NO
Hierarchy Separator                : /
Bus Delimiter                      : <>
Case Specifier                     : Maintain
Slice Utilization Ratio            : 100
BRAM Utilization Ratio             : 100
DSP48 Utilization Ratio            : 100
Auto BRAM Packing                  : NO
Slice Utilization Ratio Delta      : 5

=========================================================================


=========================================================================
*                          HDL Parsing                                  *
=========================================================================
Parsing VHDL file "/home/stefan/Rechnerarchitektur2015/ghost/ghost.vhd" into library work
Parsing entity <ghost>.
Parsing architecture <ghost_impl> of entity <ghost>.

=========================================================================
*                            HDL Elaboration                            *
=========================================================================

Elaborating entity <ghost> (architecture <ghost_impl>) from library <work>.

=========================================================================
*                           HDL Synthesis                               *
=========================================================================

Synthesizing Unit <ghost>.
    Related source file is "/home/stefan/Rechnerarchitektur2015/ghost/ghost.vhd".
    Found 1-bit register for signal <speaker>.
    Found 1-bit register for signal <bulb>.
    Found 32-bit register for signal <counterOFF>.
    Found 32-bit register for signal <counterON>.
    Found 32-bit adder for signal <counterON[31]_GND_3_o_add_0_OUT> created at line 34.
    Found 32-bit adder for signal <counterOFF[31]_GND_3_o_add_4_OUT> created at line 51.
    Summary:
	inferred   2 Adder/Subtractor(s).
	inferred  66 D-type flip-flop(s).
Unit <ghost> synthesized.

=========================================================================
HDL Synthesis Report

Macro Statistics
# Adders/Subtractors                                   : 2
 32-bit adder                                          : 2
# Registers                                            : 4
 1-bit register                                        : 2
 32-bit register                                       : 2

=========================================================================

=========================================================================
*                       Advanced HDL Synthesis                          *
=========================================================================


Synthesizing (advanced) Unit <ghost>.
The following registers are absorbed into counter <counterOFF>: 1 register on signal <counterOFF>.
The following registers are absorbed into counter <counterON>: 1 register on signal <counterON>.
Unit <ghost> synthesized (advanced).

=========================================================================
Advanced HDL Synthesis Report

Macro Statistics
# Counters                                             : 2
 32-bit up counter                                     : 2
# Registers                                            : 2
 Flip-Flops                                            : 2

=========================================================================

=========================================================================
*                         Low Level Synthesis                           *
=========================================================================

Optimizing unit <ghost> ...

Mapping all equations...
Building and optimizing final netlist ...
Found area constraint ratio of 100 (+ 5) on block ghost, actual ratio is 0.

Final Macro Processing ...

=========================================================================
Final Register Report

Macro Statistics
# Registers                                            : 66
 Flip-Flops                                            : 66

=========================================================================

=========================================================================
*                           Partition Report                            *
=========================================================================

Partition Implementation Status
-------------------------------

  No Partitions were found in this design.

-------------------------------

=========================================================================
*                            Design Summary                             *
=========================================================================

Top Level Output File Name         : ghost.ngc

Primitive and Black Box Usage:
------------------------------
# BELS                             : 211
#      GND                         : 1
#      INV                         : 3
#      LUT1                        : 62
#      LUT2                        : 1
#      LUT3                        : 2
#      LUT5                        : 1
#      LUT6                        : 14
#      MUXCY                       : 62
#      VCC                         : 1
#      XORCY                       : 64
# FlipFlops/Latches                : 66
#      FD                          : 2
#      FDRE                        : 63
#      FDSE                        : 1
# Clock Buffers                    : 1
#      BUFGP                       : 1
# IO Buffers                       : 3
#      IBUF                        : 1
#      OBUF                        : 2

Device utilization summary:
---------------------------

Selected Device : 7a100tcsg324-3 


Slice Logic Utilization: 
 Number of Slice Registers:              66  out of  126800     0%  
 Number of Slice LUTs:                   83  out of  63400     0%  
    Number used as Logic:                83  out of  63400     0%  

Slice Logic Distribution: 
 Number of LUT Flip Flop pairs used:     83
   Number with an unused Flip Flop:      17  out of     83    20%  
   Number with an unused LUT:             0  out of     83     0%  
   Number of fully used LUT-FF pairs:    66  out of     83    79%  
   Number of unique control sets:         3

IO Utilization: 
 Number of IOs:                           4
 Number of bonded IOBs:                   4  out of    210     1%  

Specific Feature Utilization:
 Number of BUFG/BUFGCTRLs:                1  out of     32     3%  

---------------------------
Partition Resource Summary:
---------------------------

  No Partitions were found in this design.

---------------------------


=========================================================================
Timing Report

NOTE: THESE TIMING NUMBERS ARE ONLY A SYNTHESIS ESTIMATE.
      FOR ACCURATE TIMING INFORMATION PLEASE REFER TO THE TRACE REPORT
      GENERATED AFTER PLACE-and-ROUTE.

Clock Information:
------------------
-----------------------------------+------------------------+-------+
Clock Signal                       | Clock buffer(FF name)  | Load  |
-----------------------------------+------------------------+-------+
clk                                | BUFGP                  | 66    |
-----------------------------------+------------------------+-------+

Asynchronous Control Signals Information:
----------------------------------------
No asynchronous control signals found in this design

Timing Summary:
---------------
Speed Grade: -3

   Minimum period: 2.424ns (Maximum Frequency: 412.490MHz)
   Minimum input arrival time before clock: 2.178ns
   Maximum output required time after clock: 0.668ns
   Maximum combinational path delay: No path found

Timing Details:
---------------
All values displayed in nanoseconds (ns)

=========================================================================
Timing constraint: Default period analysis for Clock 'clk'
  Clock period: 2.424ns (frequency: 412.490MHz)
  Total number of paths / destination ports: 1288 / 130
-------------------------------------------------------------------------
Delay:               2.424ns (Levels of Logic = 3)
  Source:            counterOFF_0 (FF)
  Destination:       bulb (FF)
  Source Clock:      clk rising
  Destination Clock: clk rising

  Data Path: counterOFF_0 to bulb
                                Gate     Net
    Cell:in->out      fanout   Delay   Delay  Logical Name (Net Name)
    ----------------------------------------  ------------
     FDRE:C->Q             2   0.361   0.688  counterOFF_0 (counterOFF_0)
     LUT6:I1->O            1   0.097   0.693  _n004711 (_n004711)
     LUT6:I0->O            2   0.097   0.383  _n004717 (_n00471)
     LUT6:I4->O            1   0.097   0.000  bulb_rstpot (bulb_rstpot)
     FD:D                      0.008          bulb
    ----------------------------------------
    Total                      2.424ns (0.660ns logic, 1.764ns route)
                                       (27.2% logic, 72.8% route)

=========================================================================
Timing constraint: Default OFFSET IN BEFORE for Clock 'clk'
  Total number of paths / destination ports: 132 / 130
-------------------------------------------------------------------------
Offset:              2.178ns (Levels of Logic = 4)
  Source:            move (PAD)
  Destination:       bulb (FF)
  Destination Clock: clk rising

  Data Path: move to bulb
                                Gate     Net
    Cell:in->out      fanout   Delay   Delay  Logical Name (Net Name)
    ----------------------------------------  ------------
     IBUF:I->O            38   0.001   0.801  move_IBUF (move_IBUF)
     LUT6:I0->O            1   0.097   0.693  _n004711 (_n004711)
     LUT6:I0->O            2   0.097   0.383  _n004717 (_n00471)
     LUT6:I4->O            1   0.097   0.000  bulb_rstpot (bulb_rstpot)
     FD:D                      0.008          bulb
    ----------------------------------------
    Total                      2.178ns (0.300ns logic, 1.878ns route)
                                       (13.8% logic, 86.2% route)

=========================================================================
Timing constraint: Default OFFSET OUT AFTER for Clock 'clk'
  Total number of paths / destination ports: 2 / 2
-------------------------------------------------------------------------
Offset:              0.668ns (Levels of Logic = 1)
  Source:            bulb (FF)
  Destination:       eyes (PAD)
  Source Clock:      clk rising

  Data Path: bulb to eyes
                                Gate     Net
    Cell:in->out      fanout   Delay   Delay  Logical Name (Net Name)
    ----------------------------------------  ------------
     FD:C->Q               7   0.361   0.307  bulb (bulb)
     OBUF:I->O                 0.000          eyes_OBUF (eyes)
    ----------------------------------------
    Total                      0.668ns (0.361ns logic, 0.307ns route)
                                       (54.0% logic, 46.0% route)

=========================================================================

Cross Clock Domains Report:
--------------------------

Clock to Setup on destination clock clk
---------------+---------+---------+---------+---------+
               | Src:Rise| Src:Fall| Src:Rise| Src:Fall|
Source Clock   |Dest:Rise|Dest:Rise|Dest:Fall|Dest:Fall|
---------------+---------+---------+---------+---------+
clk            |    2.424|         |         |         |
---------------+---------+---------+---------+---------+

=========================================================================


Total REAL time to Xst completion: 24.00 secs
Total CPU time to Xst completion: 24.35 secs
 
--> 


Total memory usage is 511752 kilobytes

Number of errors   :    0 (   0 filtered)
Number of warnings :    0 (   0 filtered)
Number of infos    :    0 (   0 filtered)

