ISim log file
Running: /home/stefan/Rechnerarchitektur2015/ghost/ghost_tb_isim_beh.exe -intstyle ise -gui -tclbatch isim.cmd -wdb /home/stefan/Rechnerarchitektur2015/ghost/ghost_tb_isim_beh.wdb 
ISim P.20131013 (signature 0xfbc00daa)
----------------------------------------------------------------------
INFO:Security:51 - The XILINXD_LICENSE_FILE environment variable is not set.
INFO:Security:53 - The LM_LICENSE_FILE environment variable is not set.
INFO:Security:68a - user is stefan, on host unknown.
WARNING:Security:43 - No license file was found in the standard Xilinx license directory.
WARNING:Security:44 - Since no license file was found,
       please run the Xilinx License Configuration Manager
       (xlcm or "Manage Xilinx Licenses")
       to assist in obtaining a license.
ERROR:Security:14 - No feature was available for 'ISIM'.

No such feature exists.
Feature:       ISIM
License path:  /home/stefan/.Xilinx/*.lic:/opt/Xilinx/14.7/ISE_DS/ISE//data/*.lic:/opt/Xilinx/14.7/ISE_DS/ISE//coregen/core_licenses/Xilinx.lic:/opt/Xilinx/14.7/ISE_DS/ISE//coregen/core_licenses/XilinxFree.lic:
FLEXnet Licensing error:-5,357
For further information, refer to the FLEXnet Licensing documentation,
available at "www.flexerasoftware.com".
----------------------------------------------------------------------
WARNING: A full ISim License cannot be checked out due to the issues listed above. Please use Xilinx License Configuration Manager to fix these issues in order to check out a full ISim license.
WARNING: ISim will run in Lite mode. Please refer to the ISim documentation for more information on the differences between the Lite and the Full version.
This is a Lite version of ISim.
Time resolution is 1 ps
# onerror resume
# wave add /
# run 1000 ns
Simulator is doing circuit initialization process.
at 0 ps: Note: Beginn der Testbench! (/ghost_tb/).
at 0 ps: Note: Testschritt 1 nichtstun (/ghost_tb/).
Finished circuit initialization process.
# restart
# run 50s
Simulator is doing circuit initialization process.
at 0 ps: Note: Beginn der Testbench! (/ghost_tb/).
at 0 ps: Note: Testschritt 1 nichtstun (/ghost_tb/).
Finished circuit initialization process.
at 1 s: Note: Testschritt 2 aktivieren des Bewegungsmelders (/ghost_tb/).
at 2 s: Note: Testschritt 3 Bewegungsmelder 3 Sekunden aktiv (/ghost_tb/).
at 5 s: Note: Testschritt 4 nichtstun (/ghost_tb/).
at 15 s: Note: Testschritt 5 Bewegungsmelder nicht mehr aktiv (/ghost_tb/).
at 16 s: Note: Testschritt 6 Bewegungsmelder 10s nicht mehr aktiv (/ghost_tb/).
at 26 s: Note: Testschritt 7 Bewegungsmelder 29s nicht mehr aktiv (/ghost_tb/).
at 45 s, Instance /ghost_tb/ : Warning: Augen Leuchten nicht, sollen aber
at 45 s: Note: Testschritt 8 Bewegungsmelder 31s nicht mehr aktiv (/ghost_tb/).

** Failure:Testbench Beendet
User(VHDL) Code Called Simulation Stop
In process ghost_tb.vhd:stim_proc 
 
INFO: Simulator is stopped.
# exit 0
