Release 14.7 - xst P.20131013 (lin64)
Copyright (c) 1995-2013 Xilinx, Inc.  All rights reserved.
--> 
Parameter TMPDIR set to xst/projnav.tmp


Total REAL time to Xst completion: 0.00 secs
Total CPU time to Xst completion: 0.12 secs
 
--> 
Parameter xsthdpdir set to xst


Total REAL time to Xst completion: 0.00 secs
Total CPU time to Xst completion: 0.12 secs
 
--> 
Reading design: Sorter.prj

TABLE OF CONTENTS
  1) Synthesis Options Summary
  2) HDL Parsing
  3) HDL Elaboration
  4) HDL Synthesis
       4.1) HDL Synthesis Report
  5) Advanced HDL Synthesis
       5.1) Advanced HDL Synthesis Report
  6) Low Level Synthesis
  7) Partition Report
  8) Design Summary
       8.1) Primitive and Black Box Usage
       8.2) Device utilization summary
       8.3) Partition Resource Summary
       8.4) Timing Report
            8.4.1) Clock Information
            8.4.2) Asynchronous Control Signals Information
            8.4.3) Timing Summary
            8.4.4) Timing Details
            8.4.5) Cross Clock Domains Report


=========================================================================
*                      Synthesis Options Summary                        *
=========================================================================
---- Source Parameters
Input File Name                    : "Sorter.prj"
Ignore Synthesis Constraint File   : NO

---- Target Parameters
Output File Name                   : "Sorter"
Output Format                      : NGC
Target Device                      : xc7a100t-3-csg324

---- Source Options
Top Module Name                    : Sorter
Automatic FSM Extraction           : YES
FSM Encoding Algorithm             : Auto
Safe Implementation                : No
FSM Style                          : LUT
RAM Extraction                     : Yes
RAM Style                          : Auto
ROM Extraction                     : Yes
Shift Register Extraction          : YES
ROM Style                          : Auto
Resource Sharing                   : YES
Asynchronous To Synchronous        : NO
Shift Register Minimum Size        : 2
Use DSP Block                      : Auto
Automatic Register Balancing       : No

---- Target Options
LUT Combining                      : Auto
Reduce Control Sets                : Auto
Add IO Buffers                     : YES
Global Maximum Fanout              : 100000
Add Generic Clock Buffer(BUFG)     : 32
Register Duplication               : YES
Optimize Instantiated Primitives   : NO
Use Clock Enable                   : Auto
Use Synchronous Set                : Auto
Use Synchronous Reset              : Auto
Pack IO Registers into IOBs        : Auto
Equivalent register Removal        : YES

---- General Options
Optimization Goal                  : Speed
Optimization Effort                : 1
Power Reduction                    : NO
Keep Hierarchy                     : No
Netlist Hierarchy                  : As_Optimized
RTL Output                         : Yes
Global Optimization                : AllClockNets
Read Cores                         : YES
Write Timing Constraints           : NO
Cross Clock Analysis               : NO
Hierarchy Separator                : /
Bus Delimiter                      : <>
Case Specifier                     : Maintain
Slice Utilization Ratio            : 100
BRAM Utilization Ratio             : 100
DSP48 Utilization Ratio            : 100
Auto BRAM Packing                  : NO
Slice Utilization Ratio Delta      : 5

=========================================================================


=========================================================================
*                          HDL Parsing                                  *
=========================================================================
Parsing VHDL file "/home/daalta/Rechnerarchitektur2015/Uebung 2/A2_CachedMemory/CachedMemory.vhd" into library work
Parsing entity <CachedMemory>.
Parsing architecture <Behavioral> of entity <cachedmemory>.
Parsing VHDL file "/home/daalta/Rechnerarchitektur2015/Uebung 2/A3_Sorter/Sorter.vhd" into library work
Parsing entity <Sorter>.
Parsing architecture <Behavioral> of entity <sorter>.

=========================================================================
*                            HDL Elaboration                            *
=========================================================================

Elaborating entity <Sorter> (architecture <Behavioral>) from library <work>.
WARNING:HDLCompiler:871 - "/home/daalta/Rechnerarchitektur2015/Uebung 2/A3_Sorter/Sorter.vhd" Line 41: Using initial value '0' for mem_clk since it is never assigned
WARNING:HDLCompiler:871 - "/home/daalta/Rechnerarchitektur2015/Uebung 2/A3_Sorter/Sorter.vhd" Line 43: Using initial value '0' for mem_dump since it is never assigned
WARNING:HDLCompiler:871 - "/home/daalta/Rechnerarchitektur2015/Uebung 2/A3_Sorter/Sorter.vhd" Line 44: Using initial value '0' for mem_reset since it is never assigned
WARNING:HDLCompiler:871 - "/home/daalta/Rechnerarchitektur2015/Uebung 2/A3_Sorter/Sorter.vhd" Line 45: Using initial value '0' for mem_re since it is never assigned
WARNING:HDLCompiler:871 - "/home/daalta/Rechnerarchitektur2015/Uebung 2/A3_Sorter/Sorter.vhd" Line 46: Using initial value '0' for mem_we since it is never assigned
WARNING:HDLCompiler:871 - "/home/daalta/Rechnerarchitektur2015/Uebung 2/A3_Sorter/Sorter.vhd" Line 47: Using initial value "00000000" for mem_addr since it is never assigned
WARNING:HDLCompiler:871 - "/home/daalta/Rechnerarchitektur2015/Uebung 2/A3_Sorter/Sorter.vhd" Line 48: Using initial value "00000000" for mem_data_in since it is never assigned

Elaborating entity <CachedMemory> (architecture <Behavioral>) from library <work>.
WARNING:HDLCompiler:89 - "/home/daalta/Rechnerarchitektur2015/Uebung 2/A2_CachedMemory/CachedMemory.vhd" Line 57: <memory> remains a black-box since it has no binding entity.
WARNING:HDLCompiler:871 - "/home/daalta/Rechnerarchitektur2015/Uebung 2/A3_Sorter/Sorter.vhd" Line 68: Using initial value '0' for isrunning since it is never assigned

=========================================================================
*                           HDL Synthesis                               *
=========================================================================

Synthesizing Unit <Sorter>.
    Related source file is "/home/daalta/Rechnerarchitektur2015/Uebung 2/A3_Sorter/Sorter.vhd".
WARNING:Xst:647 - Input <addr_start> is never used. This port will be preserved and left unconnected if it belongs to a top-level block or it belongs to a sub-block and the hierarchy of this sub-block is preserved.
WARNING:Xst:647 - Input <addr_end> is never used. This port will be preserved and left unconnected if it belongs to a top-level block or it belongs to a sub-block and the hierarchy of this sub-block is preserved.
INFO:Xst:3210 - "/home/daalta/Rechnerarchitektur2015/Uebung 2/A3_Sorter/Sorter.vhd" line 52: Output port <output> of the instance <mem> is unconnected or connected to loadless signal.
INFO:Xst:3210 - "/home/daalta/Rechnerarchitektur2015/Uebung 2/A3_Sorter/Sorter.vhd" line 52: Output port <ack> of the instance <mem> is unconnected or connected to loadless signal.
    Found 32-bit register for signal <execute.initCompleted>.
    Found 1-bit register for signal <mem_init>.
    Found 32-bit subtractor for signal <execute.initCompleted[31]_GND_6_o_sub_2_OUT<31:0>> created at line 79.
    Summary:
	inferred   1 Adder/Subtractor(s).
	inferred  33 D-type flip-flop(s).
Unit <Sorter> synthesized.

Synthesizing Unit <CachedMemory>.
    Related source file is "/home/daalta/Rechnerarchitektur2015/Uebung 2/A2_CachedMemory/CachedMemory.vhd".
    Found 1-bit register for signal <mem_clk>.
    Found 1-bit register for signal <execute.waitedOneMemClk>.
    Found 1-bit register for signal <dataReady>.
    Found 1-bit register for signal <mem_init>.
    Found 1-bit register for signal <mem_dump>.
    Found 1-bit register for signal <mem_reset>.
    Found 1-bit register for signal <mem_re>.
    Found 1-bit register for signal <mem_we>.
    Found 8-bit register for signal <mem_addr>.
    Found 8-bit register for signal <mem_data_in>.
    Found 32-bit register for signal <mem_clk_process.clkCnt>.
    Found 1-bit register for signal <state<3>>.
    Found 1-bit register for signal <state<2>>.
    Found 1-bit register for signal <state<1>>.
    Found 1-bit register for signal <state<0>>.
    Found 32-bit adder for signal <mem_clk_process.clkCnt[31]_GND_7_o_add_1_OUT> created at line 114.
    Summary:
	inferred   1 Adder/Subtractor(s).
	inferred  60 D-type flip-flop(s).
	inferred  41 Multiplexer(s).
Unit <CachedMemory> synthesized.

=========================================================================
HDL Synthesis Report

Macro Statistics
# Adders/Subtractors                                   : 2
 32-bit adder                                          : 1
 32-bit subtractor                                     : 1
# Registers                                            : 17
 1-bit register                                        : 13
 32-bit register                                       : 2
 8-bit register                                        : 2
# Multiplexers                                         : 41
 1-bit 2-to-1 multiplexer                              : 25
 4-bit 2-to-1 multiplexer                              : 16

=========================================================================

=========================================================================
*                       Advanced HDL Synthesis                          *
=========================================================================

WARNING:Xst:1293 - FF/Latch <mem_clk_process.clkCnt_5> has a constant value of 0 in block <mem>. This FF/Latch will be trimmed during the optimization process.
WARNING:Xst:1293 - FF/Latch <mem_clk_process.clkCnt_6> has a constant value of 0 in block <mem>. This FF/Latch will be trimmed during the optimization process.
WARNING:Xst:1293 - FF/Latch <mem_clk_process.clkCnt_7> has a constant value of 0 in block <mem>. This FF/Latch will be trimmed during the optimization process.
WARNING:Xst:1293 - FF/Latch <mem_clk_process.clkCnt_8> has a constant value of 0 in block <mem>. This FF/Latch will be trimmed during the optimization process.
WARNING:Xst:1293 - FF/Latch <mem_clk_process.clkCnt_9> has a constant value of 0 in block <mem>. This FF/Latch will be trimmed during the optimization process.
WARNING:Xst:1293 - FF/Latch <mem_clk_process.clkCnt_10> has a constant value of 0 in block <mem>. This FF/Latch will be trimmed during the optimization process.
WARNING:Xst:1293 - FF/Latch <mem_clk_process.clkCnt_11> has a constant value of 0 in block <mem>. This FF/Latch will be trimmed during the optimization process.
WARNING:Xst:1293 - FF/Latch <mem_clk_process.clkCnt_12> has a constant value of 0 in block <mem>. This FF/Latch will be trimmed during the optimization process.
WARNING:Xst:1293 - FF/Latch <mem_clk_process.clkCnt_13> has a constant value of 0 in block <mem>. This FF/Latch will be trimmed during the optimization process.
WARNING:Xst:1293 - FF/Latch <mem_clk_process.clkCnt_14> has a constant value of 0 in block <mem>. This FF/Latch will be trimmed during the optimization process.
WARNING:Xst:1293 - FF/Latch <mem_clk_process.clkCnt_15> has a constant value of 0 in block <mem>. This FF/Latch will be trimmed during the optimization process.
WARNING:Xst:1293 - FF/Latch <mem_clk_process.clkCnt_16> has a constant value of 0 in block <mem>. This FF/Latch will be trimmed during the optimization process.
WARNING:Xst:1293 - FF/Latch <mem_clk_process.clkCnt_17> has a constant value of 0 in block <mem>. This FF/Latch will be trimmed during the optimization process.
WARNING:Xst:1293 - FF/Latch <mem_clk_process.clkCnt_18> has a constant value of 0 in block <mem>. This FF/Latch will be trimmed during the optimization process.
WARNING:Xst:1293 - FF/Latch <mem_clk_process.clkCnt_19> has a constant value of 0 in block <mem>. This FF/Latch will be trimmed during the optimization process.
WARNING:Xst:1293 - FF/Latch <mem_clk_process.clkCnt_20> has a constant value of 0 in block <mem>. This FF/Latch will be trimmed during the optimization process.
WARNING:Xst:1293 - FF/Latch <mem_clk_process.clkCnt_21> has a constant value of 0 in block <mem>. This FF/Latch will be trimmed during the optimization process.
WARNING:Xst:1293 - FF/Latch <mem_clk_process.clkCnt_22> has a constant value of 0 in block <mem>. This FF/Latch will be trimmed during the optimization process.
WARNING:Xst:1293 - FF/Latch <mem_clk_process.clkCnt_23> has a constant value of 0 in block <mem>. This FF/Latch will be trimmed during the optimization process.
WARNING:Xst:1293 - FF/Latch <mem_clk_process.clkCnt_24> has a constant value of 0 in block <mem>. This FF/Latch will be trimmed during the optimization process.
WARNING:Xst:1293 - FF/Latch <mem_clk_process.clkCnt_25> has a constant value of 0 in block <mem>. This FF/Latch will be trimmed during the optimization process.
WARNING:Xst:1293 - FF/Latch <mem_clk_process.clkCnt_26> has a constant value of 0 in block <mem>. This FF/Latch will be trimmed during the optimization process.
WARNING:Xst:1293 - FF/Latch <mem_clk_process.clkCnt_27> has a constant value of 0 in block <mem>. This FF/Latch will be trimmed during the optimization process.
WARNING:Xst:1293 - FF/Latch <mem_clk_process.clkCnt_28> has a constant value of 0 in block <mem>. This FF/Latch will be trimmed during the optimization process.
WARNING:Xst:1293 - FF/Latch <mem_clk_process.clkCnt_29> has a constant value of 0 in block <mem>. This FF/Latch will be trimmed during the optimization process.
WARNING:Xst:1293 - FF/Latch <mem_clk_process.clkCnt_30> has a constant value of 0 in block <mem>. This FF/Latch will be trimmed during the optimization process.
WARNING:Xst:1293 - FF/Latch <mem_clk_process.clkCnt_31> has a constant value of 0 in block <mem>. This FF/Latch will be trimmed during the optimization process.
WARNING:Xst:1293 - FF/Latch <mem_init> has a constant value of 0 in block <mem>. This FF/Latch will be trimmed during the optimization process.
WARNING:Xst:1293 - FF/Latch <mem_dump> has a constant value of 0 in block <mem>. This FF/Latch will be trimmed during the optimization process.
WARNING:Xst:1293 - FF/Latch <mem_reset> has a constant value of 0 in block <mem>. This FF/Latch will be trimmed during the optimization process.
WARNING:Xst:1293 - FF/Latch <mem_re> has a constant value of 0 in block <mem>. This FF/Latch will be trimmed during the optimization process.
WARNING:Xst:1293 - FF/Latch <mem_we> has a constant value of 0 in block <mem>. This FF/Latch will be trimmed during the optimization process.
WARNING:Xst:1293 - FF/Latch <mem_addr_0> has a constant value of 0 in block <mem>. This FF/Latch will be trimmed during the optimization process.
WARNING:Xst:1293 - FF/Latch <mem_addr_1> has a constant value of 0 in block <mem>. This FF/Latch will be trimmed during the optimization process.
WARNING:Xst:1293 - FF/Latch <mem_addr_2> has a constant value of 0 in block <mem>. This FF/Latch will be trimmed during the optimization process.
WARNING:Xst:1293 - FF/Latch <mem_addr_3> has a constant value of 0 in block <mem>. This FF/Latch will be trimmed during the optimization process.
WARNING:Xst:1293 - FF/Latch <mem_addr_4> has a constant value of 0 in block <mem>. This FF/Latch will be trimmed during the optimization process.
WARNING:Xst:1293 - FF/Latch <mem_addr_5> has a constant value of 0 in block <mem>. This FF/Latch will be trimmed during the optimization process.
WARNING:Xst:1293 - FF/Latch <mem_addr_6> has a constant value of 0 in block <mem>. This FF/Latch will be trimmed during the optimization process.
WARNING:Xst:1293 - FF/Latch <mem_addr_7> has a constant value of 0 in block <mem>. This FF/Latch will be trimmed during the optimization process.
WARNING:Xst:1293 - FF/Latch <mem_data_in_0> has a constant value of 0 in block <mem>. This FF/Latch will be trimmed during the optimization process.
WARNING:Xst:1293 - FF/Latch <mem_data_in_1> has a constant value of 0 in block <mem>. This FF/Latch will be trimmed during the optimization process.
WARNING:Xst:1293 - FF/Latch <mem_data_in_2> has a constant value of 0 in block <mem>. This FF/Latch will be trimmed during the optimization process.
WARNING:Xst:1293 - FF/Latch <mem_data_in_3> has a constant value of 0 in block <mem>. This FF/Latch will be trimmed during the optimization process.
WARNING:Xst:1293 - FF/Latch <mem_data_in_4> has a constant value of 0 in block <mem>. This FF/Latch will be trimmed during the optimization process.
WARNING:Xst:1293 - FF/Latch <mem_data_in_5> has a constant value of 0 in block <mem>. This FF/Latch will be trimmed during the optimization process.
WARNING:Xst:1293 - FF/Latch <mem_data_in_6> has a constant value of 0 in block <mem>. This FF/Latch will be trimmed during the optimization process.
WARNING:Xst:1293 - FF/Latch <mem_data_in_7> has a constant value of 0 in block <mem>. This FF/Latch will be trimmed during the optimization process.
WARNING:Xst:1293 - FF/Latch <mem_clk> has a constant value of 0 in block <mem>. This FF/Latch will be trimmed during the optimization process.
WARNING:Xst:1293 - FF/Latch <mem_clk_process.clkCnt_0> has a constant value of 0 in block <mem>. This FF/Latch will be trimmed during the optimization process.
WARNING:Xst:1293 - FF/Latch <mem_clk_process.clkCnt_1> has a constant value of 0 in block <mem>. This FF/Latch will be trimmed during the optimization process.
WARNING:Xst:1293 - FF/Latch <mem_clk_process.clkCnt_2> has a constant value of 0 in block <mem>. This FF/Latch will be trimmed during the optimization process.
WARNING:Xst:1293 - FF/Latch <mem_clk_process.clkCnt_3> has a constant value of 0 in block <mem>. This FF/Latch will be trimmed during the optimization process.
WARNING:Xst:1293 - FF/Latch <mem_clk_process.clkCnt_4> has a constant value of 0 in block <mem>. This FF/Latch will be trimmed during the optimization process.
WARNING:Xst:1896 - Due to other FF/Latch trimming, FF/Latch <execute.waitedOneMemClk> has a constant value of 0 in block <mem>. This FF/Latch will be trimmed during the optimization process.
WARNING:Xst:1896 - Due to other FF/Latch trimming, FF/Latch <state_3> has a constant value of 0 in block <mem>. This FF/Latch will be trimmed during the optimization process.
WARNING:Xst:1290 - Hierarchical block <mem> is unconnected in block <Sorter>.
   It will be removed from the design.
WARNING:Xst:2677 - Node <mem_init> of sequential type is unconnected in block <Sorter>.

Synthesizing (advanced) Unit <CachedMemory>.
The following registers are absorbed into counter <mem_clk_process.clkCnt>: 1 register on signal <mem_clk_process.clkCnt>.
Unit <CachedMemory> synthesized (advanced).

Synthesizing (advanced) Unit <Sorter>.
The following registers are absorbed into counter <execute.initCompleted>: 1 register on signal <execute.initCompleted>.
Unit <Sorter> synthesized (advanced).

=========================================================================
Advanced HDL Synthesis Report

Macro Statistics
# Counters                                             : 2
 32-bit down counter                                   : 1
 32-bit up counter                                     : 1
# Registers                                            : 29
 Flip-Flops                                            : 29
# Multiplexers                                         : 41
 1-bit 2-to-1 multiplexer                              : 25
 4-bit 2-to-1 multiplexer                              : 16

=========================================================================

=========================================================================
*                         Low Level Synthesis                           *
=========================================================================
WARNING:Xst:1293 - FF/Latch <mem_clk> has a constant value of 0 in block <CachedMemory>. This FF/Latch will be trimmed during the optimization process.
WARNING:Xst:1293 - FF/Latch <mem_data_in_7> has a constant value of 0 in block <CachedMemory>. This FF/Latch will be trimmed during the optimization process.
WARNING:Xst:1293 - FF/Latch <mem_data_in_6> has a constant value of 0 in block <CachedMemory>. This FF/Latch will be trimmed during the optimization process.
WARNING:Xst:1293 - FF/Latch <mem_data_in_5> has a constant value of 0 in block <CachedMemory>. This FF/Latch will be trimmed during the optimization process.
WARNING:Xst:1293 - FF/Latch <mem_data_in_4> has a constant value of 0 in block <CachedMemory>. This FF/Latch will be trimmed during the optimization process.
WARNING:Xst:1293 - FF/Latch <mem_data_in_3> has a constant value of 0 in block <CachedMemory>. This FF/Latch will be trimmed during the optimization process.
WARNING:Xst:1293 - FF/Latch <mem_data_in_2> has a constant value of 0 in block <CachedMemory>. This FF/Latch will be trimmed during the optimization process.
WARNING:Xst:1293 - FF/Latch <mem_data_in_1> has a constant value of 0 in block <CachedMemory>. This FF/Latch will be trimmed during the optimization process.
WARNING:Xst:1293 - FF/Latch <mem_data_in_0> has a constant value of 0 in block <CachedMemory>. This FF/Latch will be trimmed during the optimization process.
WARNING:Xst:1293 - FF/Latch <mem_addr_7> has a constant value of 0 in block <CachedMemory>. This FF/Latch will be trimmed during the optimization process.
WARNING:Xst:1293 - FF/Latch <mem_addr_6> has a constant value of 0 in block <CachedMemory>. This FF/Latch will be trimmed during the optimization process.
WARNING:Xst:1293 - FF/Latch <mem_addr_5> has a constant value of 0 in block <CachedMemory>. This FF/Latch will be trimmed during the optimization process.
WARNING:Xst:1293 - FF/Latch <mem_addr_4> has a constant value of 0 in block <CachedMemory>. This FF/Latch will be trimmed during the optimization process.
WARNING:Xst:1293 - FF/Latch <mem_addr_3> has a constant value of 0 in block <CachedMemory>. This FF/Latch will be trimmed during the optimization process.
WARNING:Xst:1293 - FF/Latch <mem_addr_2> has a constant value of 0 in block <CachedMemory>. This FF/Latch will be trimmed during the optimization process.
WARNING:Xst:1293 - FF/Latch <mem_addr_1> has a constant value of 0 in block <CachedMemory>. This FF/Latch will be trimmed during the optimization process.
WARNING:Xst:1293 - FF/Latch <mem_addr_0> has a constant value of 0 in block <CachedMemory>. This FF/Latch will be trimmed during the optimization process.
WARNING:Xst:1293 - FF/Latch <mem_we> has a constant value of 0 in block <CachedMemory>. This FF/Latch will be trimmed during the optimization process.
WARNING:Xst:1293 - FF/Latch <mem_re> has a constant value of 0 in block <CachedMemory>. This FF/Latch will be trimmed during the optimization process.
WARNING:Xst:1293 - FF/Latch <mem_reset> has a constant value of 0 in block <CachedMemory>. This FF/Latch will be trimmed during the optimization process.
WARNING:Xst:1293 - FF/Latch <mem_dump> has a constant value of 0 in block <CachedMemory>. This FF/Latch will be trimmed during the optimization process.
WARNING:Xst:1293 - FF/Latch <mem_init> has a constant value of 0 in block <CachedMemory>. This FF/Latch will be trimmed during the optimization process.
WARNING:Xst:1896 - Due to other FF/Latch trimming, FF/Latch <dataReady> has a constant value of 0 in block <CachedMemory>. This FF/Latch will be trimmed during the optimization process.
WARNING:Xst:1896 - Due to other FF/Latch trimming, FF/Latch <execute.waitedOneMemClk> has a constant value of 0 in block <CachedMemory>. This FF/Latch will be trimmed during the optimization process.
WARNING:Xst:1896 - Due to other FF/Latch trimming, FF/Latch <state_3> has a constant value of 0 in block <CachedMemory>. This FF/Latch will be trimmed during the optimization process.
WARNING:Xst:2677 - Node <state_2> of sequential type is unconnected in block <CachedMemory>.
WARNING:Xst:2677 - Node <state_1> of sequential type is unconnected in block <CachedMemory>.
WARNING:Xst:2677 - Node <state_0> of sequential type is unconnected in block <CachedMemory>.
WARNING:Xst:2677 - Node <mem_init> of sequential type is unconnected in block <Sorter>.

Optimizing unit <Sorter> ...

Mapping all equations...
Building and optimizing final netlist ...
Found area constraint ratio of 100 (+ 5) on block Sorter, actual ratio is 0.

Final Macro Processing ...

=========================================================================
Final Register Report

Found no macro
=========================================================================

=========================================================================
*                           Partition Report                            *
=========================================================================

Partition Implementation Status
-------------------------------

  No Partitions were found in this design.

-------------------------------

=========================================================================
*                            Design Summary                             *
=========================================================================

Top Level Output File Name         : Sorter.ngc

Primitive and Black Box Usage:
------------------------------
# BELS                             : 1
#      GND                         : 1
# Others                           : 1
#      Memory                      : 1

Device utilization summary:
---------------------------

Selected Device : 7a100tcsg324-3 


Slice Logic Utilization: 

Slice Logic Distribution: 
 Number of LUT Flip Flop pairs used:      0
   Number with an unused Flip Flop:       0  out of      0         
   Number with an unused LUT:             0  out of      0         
   Number of fully used LUT-FF pairs:     0  out of      0         
   Number of unique control sets:         0

IO Utilization: 
 Number of IOs:                          19
 Number of bonded IOBs:                   0  out of    210     0%  

Specific Feature Utilization:

---------------------------
Partition Resource Summary:
---------------------------

  No Partitions were found in this design.

---------------------------


=========================================================================
Timing Report

NOTE: THESE TIMING NUMBERS ARE ONLY A SYNTHESIS ESTIMATE.
      FOR ACCURATE TIMING INFORMATION PLEASE REFER TO THE TRACE REPORT
      GENERATED AFTER PLACE-and-ROUTE.

Clock Information:
------------------
No clock signals found in this design

Asynchronous Control Signals Information:
----------------------------------------
No asynchronous control signals found in this design

Timing Summary:
---------------
Speed Grade: -3

   Minimum period: No path found
   Minimum input arrival time before clock: No path found
   Maximum output required time after clock: No path found
   Maximum combinational path delay: No path found

Timing Details:
---------------
All values displayed in nanoseconds (ns)

=========================================================================

Cross Clock Domains Report:
--------------------------

=========================================================================


Total REAL time to Xst completion: 32.00 secs
Total CPU time to Xst completion: 30.64 secs
 
--> 


Total memory usage is 514800 kilobytes

Number of errors   :    0 (   0 filtered)
Number of warnings :   98 (   0 filtered)
Number of infos    :    2 (   0 filtered)

