Command line:
   multi_tb_isim_beh.exe
     -simmode  gui
     -simrunnum  0
     -socket  45239

Wed Nov  4 22:03:04 2015


 Elaboration Time: 0.03 sec

 Current Memory Usage: 195.908 Meg

 Total Signals          : 7
 Total Nets             : 4
 Total Signal Drivers   : 4
 Total Blocks           : 3
 Total Primitive Blocks : 2
 Total Processes        : 3
 Total Traceable Variables  : 8
 Total Scalar Nets and Variables : 364
Total Line Count : 12

** Failure:Ende der Testbench
User(VHDL) Code Called Simulation Stop
In process einBitMulti_tb.vhd:stim_proc 
 


 Total Simulation Time: 0.03 sec

 Current Memory Usage: 271.409 Meg

Wed Nov  4 22:03:17 2015

