Running: /opt/Xilinx/14.7/ISE_DS/ISE/bin/lin64/unwrapped/fuse -intstyle ise -incremental -lib secureip -o /home/stefan/Rechnerarchitektur2015/einBitMulti/multi_tb_isim_beh.exe -prj /home/stefan/Rechnerarchitektur2015/einBitMulti/multi_tb_beh.prj work.multi_tb 
ISim P.20131013 (signature 0xfbc00daa)
Number of CPUs detected in this system: 4
Turning on mult-threading, number of parallel sub-compilation jobs: 8 
Determining compilation order of HDL files
Parsing VHDL file "/home/stefan/Rechnerarchitektur2015/einBitMulti/einBitMulti.vhd" into library work
Parsing VHDL file "/home/stefan/Rechnerarchitektur2015/einBitMulti/einBitMulti_tb.vhd" into library work
Starting static elaboration
Completed static elaboration
Fuse Memory Usage: 95052 KB
Fuse CPU Usage: 1090 ms
Compiling package standard
Compiling package std_logic_1164
Compiling architecture multi_impl of entity multi [multi_default]
Compiling architecture behavior of entity multi_tb
Time Resolution for simulation is 1ps.
Compiled 5 VHDL Units
Built simulation executable /home/stefan/Rechnerarchitektur2015/einBitMulti/multi_tb_isim_beh.exe
Fuse Memory Usage: 660772 KB
Fuse CPU Usage: 1140 ms
GCC CPU Usage: 490 ms
