Command line:
   einBitMulti_tb_isim_beh.exe
     -simmode  gui
     -simrunnum  0
     -socket  36889

Sat Oct 31 13:26:26 2015


 Elaboration Time: 0.03 sec

 Current Memory Usage: 195.912 Meg

 Total Signals          : 7
 Total Nets             : 4
 Total Signal Drivers   : 4
 Total Blocks           : 3
 Total Primitive Blocks : 2
 Total Processes        : 2
 Total Traceable Variables  : 8
 Total Scalar Nets and Variables : 364
Total Line Count : 11

** Failure:Ende der Testbench
User(VHDL) Code Called Simulation Stop
In process einBitMulti_tb.vhd:stim_proc 
 


 Total Simulation Time: 0.04 sec

 Current Memory Usage: 271.413 Meg

Sat Oct 31 13:27:06 2015

